#
# There is insufficient memory for the Java Runtime Environment to continue.
# Native memory allocation (malloc) failed to allocate 1294816 bytes for Chunk::new
# Possible reasons:
#   The system is out of physical RAM or swap space
#   In 32 bit mode, the process size limit was hit
# Possible solutions:
#   Reduce memory load on the system
#   Increase physical memory or swap space
#   Check if swap backing store is full
#   Use 64 bit Java on a 64 bit OS
#   Decrease Java heap size (-Xmx/-Xms)
#   Decrease number of Java threads
#   Decrease Java thread stack sizes (-Xss)
#   Set larger code cache with -XX:ReservedCodeCacheSize=
# This output file may be truncated or incomplete.
#
#  Out of Memory Error (allocation.cpp:390), pid=31276, tid=0x0000000000005d10
#
# JRE version: Java(TM) SE Runtime Environment (8.0_161-b12) (build 1.8.0_161-b12)
# Java VM: Java HotSpot(TM) 64-Bit Server VM (25.161-b12 mixed mode windows-amd64 compressed oops)
# Failed to write core dump. Minidumps are not enabled by default on client versions of Windows
#

---------------  T H R E A D  ---------------

Current thread (0x00000000178a6000):  JavaThread "C2 CompilerThread0" daemon [_thread_in_native, id=23824, stack(0x0000000018ef0000,0x0000000018ff0000)]

Stack: [0x0000000018ef0000,0x0000000018ff0000]
[error occurred during error reporting (printing stack bounds), id 0xc0000005]

Native frames: (J=compiled Java code, j=interpreted, Vv=VM code, C=native code)


Current CompileTask:
C2:   5069 3278       4       java.net.URLClassLoader$1::run (5 bytes)


---------------  P R O C E S S  ---------------

Java Threads: ( => current thread )
  0x000000001d70b000 JavaThread "mysql-cj-abandoned-connection-cleanup" daemon [_thread_blocked, id=5876, stack(0x0000000020f60000,0x0000000021060000)]
  0x000000001d70e000 JavaThread "container-0" [_thread_blocked, id=32232, stack(0x0000000020c60000,0x0000000020d60000)]
  0x000000001d709800 JavaThread "Catalina-utility-2" [_thread_blocked, id=20828, stack(0x0000000020b60000,0x0000000020c60000)]
  0x000000001d70f800 JavaThread "Catalina-utility-1" [_thread_blocked, id=29136, stack(0x000000001b300000,0x000000001b400000)]
  0x0000000019b89800 JavaThread "restartedMain" [_thread_in_native_trans, id=32, stack(0x000000001a230000,0x000000001a330000)]
  0x0000000019cc5000 JavaThread "Thread-0" [_thread_blocked, id=22560, stack(0x000000001a130000,0x000000001a230000)]
  0x0000000019005000 JavaThread "Service Thread" daemon [_thread_blocked, id=18176, stack(0x00000000195f0000,0x00000000196f0000)]
  0x00000000178fe000 JavaThread "C1 CompilerThread2" daemon [_thread_blocked, id=20592, stack(0x00000000194f0000,0x00000000195f0000)]
  0x00000000178fb800 JavaThread "C2 CompilerThread1" daemon [_thread_in_native, id=27644, stack(0x00000000193f0000,0x00000000194f0000)]
=>0x00000000178a6000 JavaThread "C2 CompilerThread0" daemon [_thread_in_native, id=23824, stack(0x0000000018ef0000,0x0000000018ff0000)]
  0x00000000178a4800 JavaThread "Attach Listener" daemon [_thread_blocked, id=18544, stack(0x0000000018df0000,0x0000000018ef0000)]
  0x00000000178a3800 JavaThread "Signal Dispatcher" daemon [_thread_blocked, id=26304, stack(0x0000000018cf0000,0x0000000018df0000)]
  0x000000001788a800 JavaThread "Finalizer" daemon [_thread_blocked, id=29800, stack(0x0000000018af0000,0x0000000018bf0000)]
  0x0000000002c94000 JavaThread "Reference Handler" daemon [_thread_blocked, id=22976, stack(0x00000000189f0000,0x0000000018af0000)]
  0x0000000002ba5000 JavaThread "main" [_thread_blocked, id=1456, stack(0x0000000002a60000,0x0000000002b60000)]

Other Threads:
  0x0000000017868000 VMThread [stack: 0x00000000188f0000,0x00000000189f0000] [id=12400]
  0x000000001900e800 WatcherThread [stack: 0x00000000196f0000,0x00000000197f0000] [id=240]

VM state:not at safepoint (normal execution)

VM Mutex/Monitor currently owned by a thread: None

Heap:
 PSYoungGen      total 138752K, used 25488K [0x00000000d5800000, 0x00000000e0600000, 0x0000000100000000)
  eden space 125952K, 20% used [0x00000000d5800000,0x00000000d70e40b0,0x00000000dd300000)
  from space 12800K, 0% used [0x00000000df980000,0x00000000df980000,0x00000000e0600000)
  to   space 10240K, 0% used [0x00000000dd300000,0x00000000dd300000,0x00000000ddd00000)
 ParOldGen       total 60928K, used 13660K [0x0000000080800000, 0x0000000084380000, 0x00000000d5800000)
  object space 60928K, 22% used [0x0000000080800000,0x0000000081557270,0x0000000084380000)
 Metaspace       used 36682K, capacity 38596K, committed 38696K, reserved 1083392K
  class space    used 5004K, capacity 5367K, committed 5416K, reserved 1048576K

Card table byte_map: [0x0000000012060000,0x0000000012460000] byte_map_base: 0x0000000011c5c000

Marking Bits: (ParMarkBitMap*) 0x000000005e31f860
 Begin Bits: [0x0000000012b10000, 0x0000000014af0000)
 End Bits:   [0x0000000014af0000, 0x0000000016ad0000)

Polling page: 0x00000000012a0000

CodeCache: size=245760Kb used=11905Kb max_used=11905Kb free=233854Kb
 bounds [0x0000000002ca0000, 0x0000000003850000, 0x0000000011ca0000]
 total_blobs=3716 nmethods=3286 adapters=341
 compilation: enabled

Compilation events (10 events):
Event: 5.054 Thread 0x00000000178fe000 3284       3       java.util.Properties$LineReader::readLine (468 bytes)
Event: 5.055 Thread 0x00000000178fe000 nmethod 3284 0x0000000003821f50 code [0x0000000003822200, 0x0000000003823ba8]
Event: 5.058 Thread 0x00000000178fe000 3287       3       java.util.zip.ZipFile::access$1000 (6 bytes)
Event: 5.059 Thread 0x00000000178fe000 nmethod 3287 0x0000000003821bd0 code [0x0000000003821d40, 0x0000000003821ea8]
Event: 5.059 Thread 0x00000000178fe000 3288       1       java.util.zip.ZipFile::access$300 (5 bytes)
Event: 5.059 Thread 0x00000000178fe000 nmethod 3288 0x0000000003821850 code [0x00000000038219a0, 0x0000000003821a90]
Event: 5.059 Thread 0x00000000178fe000 3289       1       java.util.ResourceBundle$CacheKey::hashCode (5 bytes)
Event: 5.059 Thread 0x00000000178fe000 nmethod 3289 0x0000000003816590 code [0x00000000038166e0, 0x00000000038167f0]
Event: 5.060 Thread 0x00000000178fe000 3290       3       sun.misc.FDBigInteger::size (10 bytes)
Event: 5.060 Thread 0x00000000178fe000 nmethod 3290 0x0000000003846850 code [0x00000000038469a0, 0x0000000003846af0]

GC Heap History (10 events):
Event: 1.653 GC heap before
{Heap before GC invocations=6 (full 1):
 PSYoungGen      total 71680K, used 5116K [0x00000000d5800000, 0x00000000dee00000, 0x0000000100000000)
  eden space 66560K, 0% used [0x00000000d5800000,0x00000000d5800000,0x00000000d9900000)
  from space 5120K, 99% used [0x00000000d9900000,0x00000000d9dff000,0x00000000d9e00000)
  to   space 10240K, 0% used [0x00000000de400000,0x00000000de400000,0x00000000dee00000)
 ParOldGen       total 87552K, used 5507K [0x0000000080800000, 0x0000000085d80000, 0x00000000d5800000)
  object space 87552K, 6% used [0x0000000080800000,0x0000000080d60cb8,0x0000000085d80000)
 Metaspace       used 20538K, capacity 21176K, committed 21296K, reserved 1067008K
  class space    used 2685K, capacity 2864K, committed 2944K, reserved 1048576K
Event: 1.681 GC heap after
Heap after GC invocations=6 (full 1):
 PSYoungGen      total 71680K, used 0K [0x00000000d5800000, 0x00000000dee00000, 0x0000000100000000)
  eden space 66560K, 0% used [0x00000000d5800000,0x00000000d5800000,0x00000000d9900000)
  from space 5120K, 0% used [0x00000000d9900000,0x00000000d9900000,0x00000000d9e00000)
  to   space 10240K, 0% used [0x00000000de400000,0x00000000de400000,0x00000000dee00000)
 ParOldGen       total 60928K, used 9208K [0x0000000080800000, 0x0000000084380000, 0x00000000d5800000)
  object space 60928K, 15% used [0x0000000080800000,0x00000000810fe2e8,0x0000000084380000)
 Metaspace       used 20538K, capacity 21176K, committed 21296K, reserved 1067008K
  class space    used 2685K, capacity 2864K, committed 2944K, reserved 1048576K
}
Event: 2.162 GC heap before
{Heap before GC invocations=7 (full 1):
 PSYoungGen      total 71680K, used 66560K [0x00000000d5800000, 0x00000000dee00000, 0x0000000100000000)
  eden space 66560K, 100% used [0x00000000d5800000,0x00000000d9900000,0x00000000d9900000)
  from space 5120K, 0% used [0x00000000d9900000,0x00000000d9900000,0x00000000d9e00000)
  to   space 10240K, 0% used [0x00000000de400000,0x00000000de400000,0x00000000dee00000)
 ParOldGen       total 60928K, used 9208K [0x0000000080800000, 0x0000000084380000, 0x00000000d5800000)
  object space 60928K, 15% used [0x0000000080800000,0x00000000810fe2e8,0x0000000084380000)
 Metaspace       used 22046K, capacity 22982K, committed 23168K, reserved 1069056K
  class space    used 2872K, capacity 3081K, committed 3200K, reserved 1048576K
Event: 2.170 GC heap after
Heap after GC invocations=7 (full 1):
 PSYoungGen      total 105472K, used 2793K [0x00000000d5800000, 0x00000000de700000, 0x0000000100000000)
  eden space 102400K, 0% used [0x00000000d5800000,0x00000000d5800000,0x00000000dbc00000)
  from space 3072K, 90% used [0x00000000de400000,0x00000000de6ba528,0x00000000de700000)
  to   space 10240K, 0% used [0x00000000dd300000,0x00000000dd300000,0x00000000ddd00000)
 ParOldGen       total 60928K, used 9216K [0x0000000080800000, 0x0000000084380000, 0x00000000d5800000)
  object space 60928K, 15% used [0x0000000080800000,0x00000000811002e8,0x0000000084380000)
 Metaspace       used 22046K, capacity 22982K, committed 23168K, reserved 1069056K
  class space    used 2872K, capacity 3081K, committed 3200K, reserved 1048576K
}
Event: 3.817 GC heap before
{Heap before GC invocations=8 (full 1):
 PSYoungGen      total 105472K, used 105188K [0x00000000d5800000, 0x00000000de700000, 0x0000000100000000)
  eden space 102400K, 99% used [0x00000000d5800000,0x00000000dbbfed98,0x00000000dbc00000)
  from space 3072K, 90% used [0x00000000de400000,0x00000000de6ba528,0x00000000de700000)
  to   space 10240K, 0% used [0x00000000dd300000,0x00000000dd300000,0x00000000ddd00000)
 ParOldGen       total 60928K, used 9216K [0x0000000080800000, 0x0000000084380000, 0x00000000d5800000)
  object space 60928K, 15% used [0x0000000080800000,0x00000000811002e8,0x0000000084380000)
 Metaspace       used 30046K, capacity 31784K, committed 32000K, reserved 1077248K
  class space    used 3977K, capacity 4315K, committed 4352K, reserved 1048576K
Event: 3.827 GC heap after
Heap after GC invocations=8 (full 1):
 PSYoungGen      total 136192K, used 10239K [0x00000000d5800000, 0x00000000e0600000, 0x0000000100000000)
  eden space 125952K, 0% used [0x00000000d5800000,0x00000000d5800000,0x00000000dd300000)
  from space 10240K, 99% used [0x00000000dd300000,0x00000000ddcffe08,0x00000000ddd00000)
  to   space 12800K, 0% used [0x00000000df980000,0x00000000df980000,0x00000000e0600000)
 ParOldGen       total 60928K, used 10817K [0x0000000080800000, 0x0000000084380000, 0x00000000d5800000)
  object space 60928K, 17% used [0x0000000080800000,0x00000000812907c8,0x0000000084380000)
 Metaspace       used 30046K, capacity 31784K, committed 32000K, reserved 1077248K
  class space    used 3977K, capacity 4315K, committed 4352K, reserved 1048576K
}
Event: 4.576 GC heap before
{Heap before GC invocations=9 (full 1):
 PSYoungGen      total 136192K, used 117309K [0x00000000d5800000, 0x00000000e0600000, 0x0000000100000000)
  eden space 125952K, 85% used [0x00000000d5800000,0x00000000dc08f9c0,0x00000000dd300000)
  from space 10240K, 99% used [0x00000000dd300000,0x00000000ddcffe08,0x00000000ddd00000)
  to   space 12800K, 0% used [0x00000000df980000,0x00000000df980000,0x00000000e0600000)
 ParOldGen       total 60928K, used 10817K [0x0000000080800000, 0x0000000084380000, 0x00000000d5800000)
  object space 60928K, 17% used [0x0000000080800000,0x00000000812907c8,0x0000000084380000)
 Metaspace       used 33644K, capacity 35466K, committed 35496K, reserved 1079296K
  class space    used 4429K, capacity 4762K, committed 4776K, reserved 1048576K
Event: 4.584 GC heap after
Heap after GC invocations=9 (full 1):
 PSYoungGen      total 138752K, used 9707K [0x00000000d5800000, 0x00000000e0600000, 0x0000000100000000)
  eden space 125952K, 0% used [0x00000000d5800000,0x00000000d5800000,0x00000000dd300000)
  from space 12800K, 75% used [0x00000000df980000,0x00000000e02fadb8,0x00000000e0600000)
  to   space 10240K, 0% used [0x00000000dd300000,0x00000000dd300000,0x00000000ddd00000)
 ParOldGen       total 60928K, used 10825K [0x0000000080800000, 0x0000000084380000, 0x00000000d5800000)
  object space 60928K, 17% used [0x0000000080800000,0x00000000812927c8,0x0000000084380000)
 Metaspace       used 33644K, capacity 35466K, committed 35496K, reserved 1079296K
  class space    used 4429K, capacity 4762K, committed 4776K, reserved 1048576K
}
Event: 4.584 GC heap before
{Heap before GC invocations=10 (full 2):
 PSYoungGen      total 138752K, used 9707K [0x00000000d5800000, 0x00000000e0600000, 0x0000000100000000)
  eden space 125952K, 0% used [0x00000000d5800000,0x00000000d5800000,0x00000000dd300000)
  from space 12800K, 75% used [0x00000000df980000,0x00000000e02fadb8,0x00000000e0600000)
  to   space 10240K, 0% used [0x00000000dd300000,0x00000000dd300000,0x00000000ddd00000)
 ParOldGen       total 60928K, used 10825K [0x0000000080800000, 0x0000000084380000, 0x00000000d5800000)
  object space 60928K, 17% used [0x0000000080800000,0x00000000812927c8,0x0000000084380000)
 Metaspace       used 33644K, capacity 35466K, committed 35496K, reserved 1079296K
  class space    used 4429K, capacity 4762K, committed 4776K, reserved 1048576K
Event: 4.636 GC heap after
Heap after GC invocations=10 (full 2):
 PSYoungGen      total 138752K, used 0K [0x00000000d5800000, 0x00000000e0600000, 0x0000000100000000)
  eden space 125952K, 0% used [0x00000000d5800000,0x00000000d5800000,0x00000000dd300000)
  from space 12800K, 0% used [0x00000000df980000,0x00000000df980000,0x00000000e0600000)
  to   space 10240K, 0% used [0x00000000dd300000,0x00000000dd300000,0x00000000ddd00000)
 ParOldGen       total 60928K, used 13660K [0x0000000080800000, 0x0000000084380000, 0x00000000d5800000)
  object space 60928K, 22% used [0x0000000080800000,0x0000000081557270,0x0000000084380000)
 Metaspace       used 33644K, capacity 35466K, committed 35496K, reserved 1079296K
  class space    used 4429K, capacity 4762K, committed 4776K, reserved 1048576K
}

Deoptimization events (10 events):
Event: 4.169 Thread 0x000000001d70b000 Uncommon trap: reason=unstable_if action=reinterpret pc=0x000000000357c8b4 method=java.util.zip.ZipCoder.getBytes(Ljava/lang/String;)[B @ 32
Event: 4.169 Thread 0x000000001d70b000 Uncommon trap: reason=unstable_if action=reinterpret pc=0x000000000356fa70 method=java.util.zip.ZipCoder.getBytes(Ljava/lang/String;)[B @ 32
Event: 4.169 Thread 0x000000001d70b000 Uncommon trap: reason=unstable_if action=reinterpret pc=0x00000000030bca00 method=java.net.URL.<init>(Ljava/net/URL;Ljava/lang/String;Ljava/net/URLStreamHandler;)V @ 57
Event: 4.169 Thread 0x000000001d70b000 Uncommon trap: reason=unstable_if action=reinterpret pc=0x00000000037685d4 method=java.net.URLStreamHandler.parseURL(Ljava/net/URL;Ljava/lang/String;II)V @ 57
Event: 4.169 Thread 0x0000000019b89800 Uncommon trap: reason=unstable_if action=reinterpret pc=0x0000000002f09480 method=java.lang.AbstractStringBuilder.append(Ljava/lang/String;)Ljava/lang/AbstractStringBuilder; @ 1
Event: 4.762 Thread 0x0000000019b89800 Uncommon trap: reason=bimorphic action=maybe_recompile pc=0x0000000003169808 method=java.lang.ClassLoader.loadClass(Ljava/lang/String;Z)Ljava/lang/Class; @ 70
Event: 4.763 Thread 0x0000000019b89800 Uncommon trap: reason=bimorphic action=maybe_recompile pc=0x0000000003169808 method=java.lang.ClassLoader.loadClass(Ljava/lang/String;Z)Ljava/lang/Class; @ 70
Event: 4.930 Thread 0x0000000019b89800 Uncommon trap: reason=bimorphic action=maybe_recompile pc=0x0000000003169808 method=java.lang.ClassLoader.loadClass(Ljava/lang/String;Z)Ljava/lang/Class; @ 70
Event: 5.043 Thread 0x0000000019b89800 Uncommon trap: reason=unstable_if action=reinterpret pc=0x0000000002f3cf7c method=java.net.URI.match(CJJ)Z @ 45
Event: 5.053 Thread 0x0000000019b89800 Uncommon trap: reason=unstable_if action=reinterpret pc=0x00000000036f1d84 method=java.util.Properties$LineReader.readLine()I @ 328

Classes redefined (0 events):
No events

Internal exceptions (10 events):
Event: 4.171 Thread 0x0000000019b89800 Implicit null exception at 0x000000000328d5cd to 0x000000000328db3c
Event: 4.171 Thread 0x0000000019b89800 Exception <a 'java/lang/NullPointerException'> (0x00000000db019230) thrown at [C:\re\workspace\8-2-build-windows-amd64-cygwin\jdk8u161\10277\hotspot\src\share\vm\runtime\sharedRuntime.cpp, line 605]
Event: 4.171 Thread 0x0000000019b89800 Implicit null exception at 0x000000000328d5cd to 0x000000000328db3c
Event: 4.171 Thread 0x0000000019b89800 Exception <a 'java/lang/NullPointerException'> (0x00000000db019e38) thrown at [C:\re\workspace\8-2-build-windows-amd64-cygwin\jdk8u161\10277\hotspot\src\share\vm\runtime\sharedRuntime.cpp, line 605]
Event: 4.171 Thread 0x0000000019b89800 Implicit null exception at 0x000000000328d5cd to 0x000000000328db3c
Event: 4.171 Thread 0x0000000019b89800 Exception <a 'java/lang/NullPointerException'> (0x00000000db01aae0) thrown at [C:\re\workspace\8-2-build-windows-amd64-cygwin\jdk8u161\10277\hotspot\src\share\vm\runtime\sharedRuntime.cpp, line 605]
Event: 4.172 Thread 0x0000000019b89800 Implicit null exception at 0x000000000328d5cd to 0x000000000328db3c
Event: 4.172 Thread 0x0000000019b89800 Exception <a 'java/lang/NullPointerException'> (0x00000000db01b770) thrown at [C:\re\workspace\8-2-build-windows-amd64-cygwin\jdk8u161\10277\hotspot\src\share\vm\runtime\sharedRuntime.cpp, line 605]
Event: 4.172 Thread 0x0000000019b89800 Implicit null exception at 0x000000000328d5cd to 0x000000000328db3c
Event: 4.172 Thread 0x0000000019b89800 Exception <a 'java/lang/NullPointerException'> (0x00000000db01c400) thrown at [C:\re\workspace\8-2-build-windows-amd64-cygwin\jdk8u161\10277\hotspot\src\share\vm\runtime\sharedRuntime.cpp, line 605]

Events (10 events):
Event: 5.058 loading class com/mysql/cj/LocalizedErrorMessages_en
Event: 5.058 loading class com/mysql/cj/LocalizedErrorMessages_en done
Event: 5.058 loading class com/mysql/cj/LocalizedErrorMessages_en_US
Event: 5.058 loading class com/mysql/cj/LocalizedErrorMessages_en_US done
Event: 5.059 loading class java/math/BigDecimal$1
Event: 5.059 loading class java/math/BigDecimal$1 done
Event: 5.060 loading class java/math/MathContext
Event: 5.060 loading class java/math/MathContext done
Event: 5.060 loading class com/mysql/cj/conf/url/SingleConnectionUrl
Event: 5.060 loading class com/mysql/cj/conf/url/SingleConnectionUrl done


Dynamic libraries:
0x00007ff756440000 - 0x00007ff756477000 	C:\Program Files\Java\jre1.8.0_161\bin\javaw.exe
0x00007ff8f1860000 - 0x00007ff8f1a50000 	C:\WINDOWS\SYSTEM32\ntdll.dll
0x00007ff8b7bf0000 - 0x00007ff8b7c03000 	C:\Program Files\Avast Software\Avast\aswhook.dll
0x00007ff8f0070000 - 0x00007ff8f0122000 	C:\WINDOWS\System32\KERNEL32.DLL
0x00007ff8ef3b0000 - 0x00007ff8ef653000 	C:\WINDOWS\System32\KERNELBASE.dll
0x00007ff8f0240000 - 0x00007ff8f02e3000 	C:\WINDOWS\System32\ADVAPI32.dll
0x00007ff8f1120000 - 0x00007ff8f11be000 	C:\WINDOWS\System32\msvcrt.dll
0x00007ff8eff50000 - 0x00007ff8effe7000 	C:\WINDOWS\System32\sechost.dll
0x00007ff8f0520000 - 0x00007ff8f0640000 	C:\WINDOWS\System32\RPCRT4.dll
0x00007ff8f0640000 - 0x00007ff8f07d4000 	C:\WINDOWS\System32\USER32.dll
0x00007ff8ef110000 - 0x00007ff8ef131000 	C:\WINDOWS\System32\win32u.dll
0x00007ff8f1040000 - 0x00007ff8f1066000 	C:\WINDOWS\System32\GDI32.dll
0x00007ff8ef660000 - 0x00007ff8ef7f4000 	C:\WINDOWS\System32\gdi32full.dll
0x00007ff8ef310000 - 0x00007ff8ef3ae000 	C:\WINDOWS\System32\msvcp_win.dll
0x00007ff8ef190000 - 0x00007ff8ef28a000 	C:\WINDOWS\System32\ucrtbase.dll
0x00007ff8e5f00000 - 0x00007ff8e6185000 	C:\WINDOWS\WinSxS\amd64_microsoft.windows.common-controls_6595b64144ccf1df_6.0.18362.778_none_e6c6b761130d4fb8\COMCTL32.dll
0x00007ff8f1470000 - 0x00007ff8f17a6000 	C:\WINDOWS\System32\combase.dll
0x00007ff8ef290000 - 0x00007ff8ef310000 	C:\WINDOWS\System32\bcryptPrimitives.dll
0x00007ff8f1440000 - 0x00007ff8f146e000 	C:\WINDOWS\System32\IMM32.DLL
0x000000005da20000 - 0x000000005daf2000 	C:\Program Files\Java\jre1.8.0_161\bin\msvcr100.dll
0x000000005db00000 - 0x000000005e39f000 	C:\Program Files\Java\jre1.8.0_161\bin\server\jvm.dll
0x00007ff8f07e0000 - 0x00007ff8f07e8000 	C:\WINDOWS\System32\PSAPI.DLL
0x00007ff8dc950000 - 0x00007ff8dc959000 	C:\WINDOWS\SYSTEM32\WSOCK32.dll
0x00007ff8f17b0000 - 0x00007ff8f181f000 	C:\WINDOWS\System32\WS2_32.dll
0x00007ff8ec430000 - 0x00007ff8ec454000 	C:\WINDOWS\SYSTEM32\WINMM.dll
0x00007ff8ea2e0000 - 0x00007ff8ea2ea000 	C:\WINDOWS\SYSTEM32\VERSION.dll
0x00007ff8ec090000 - 0x00007ff8ec0bd000 	C:\WINDOWS\SYSTEM32\WINMMBASE.dll
0x00007ff8ef140000 - 0x00007ff8ef18a000 	C:\WINDOWS\System32\cfgmgr32.dll
0x000000005ea70000 - 0x000000005ea7f000 	C:\Program Files\Java\jre1.8.0_161\bin\verify.dll
0x000000005ea40000 - 0x000000005ea69000 	C:\Program Files\Java\jre1.8.0_161\bin\java.dll
0x000000005ea20000 - 0x000000005ea36000 	C:\Program Files\Java\jre1.8.0_161\bin\zip.dll
0x00007ff8f0950000 - 0x00007ff8f1035000 	C:\WINDOWS\System32\SHELL32.dll
0x00007ff8f1070000 - 0x00007ff8f1119000 	C:\WINDOWS\System32\shcore.dll
0x00007ff8ee990000 - 0x00007ff8ef110000 	C:\WINDOWS\System32\windows.storage.dll
0x00007ff8ee7c0000 - 0x00007ff8ee7e3000 	C:\WINDOWS\System32\profapi.dll
0x00007ff8ee730000 - 0x00007ff8ee77a000 	C:\WINDOWS\System32\powrprof.dll
0x00007ff8ee720000 - 0x00007ff8ee730000 	C:\WINDOWS\System32\UMPDC.dll
0x00007ff8f01e0000 - 0x00007ff8f0232000 	C:\WINDOWS\System32\shlwapi.dll
0x00007ff8ee7a0000 - 0x00007ff8ee7b1000 	C:\WINDOWS\System32\kernel.appcore.dll
0x00007ff8ee940000 - 0x00007ff8ee957000 	C:\WINDOWS\System32\cryptsp.dll
0x000000005e9d0000 - 0x000000005e9dd000 	C:\Program Files\Java\jre1.8.0_161\bin\management.dll
0x000000005ea00000 - 0x000000005ea1a000 	C:\Program Files\Java\jre1.8.0_161\bin\net.dll
0x00007ff8edf90000 - 0x00007ff8edff7000 	C:\WINDOWS\system32\mswsock.dll
0x00007ff8cf070000 - 0x00007ff8cf086000 	C:\WINDOWS\system32\napinsp.dll
0x00007ff8cf050000 - 0x00007ff8cf06a000 	C:\WINDOWS\system32\pnrpnsp.dll
0x00007ff8edd30000 - 0x00007ff8eddfa000 	C:\WINDOWS\SYSTEM32\DNSAPI.dll
0x00007ff8f0940000 - 0x00007ff8f0948000 	C:\WINDOWS\System32\NSI.dll
0x00007ff8edca0000 - 0x00007ff8edcda000 	C:\WINDOWS\SYSTEM32\IPHLPAPI.DLL
0x00007ff8cf040000 - 0x00007ff8cf04e000 	C:\WINDOWS\System32\winrnr.dll
0x00007ff8ead40000 - 0x00007ff8ead5c000 	C:\WINDOWS\system32\NLAapi.dll
0x00007ff8cd260000 - 0x00007ff8cd275000 	C:\WINDOWS\system32\wshbth.dll
0x00007ff8dd880000 - 0x00007ff8dd88a000 	C:\Windows\System32\rasadhlp.dll
0x00007ff8e7c10000 - 0x00007ff8e7c87000 	C:\WINDOWS\System32\fwpuclnt.dll
0x00007ff8ee960000 - 0x00007ff8ee986000 	C:\WINDOWS\System32\bcrypt.dll
0x000000005e9e0000 - 0x000000005e9f1000 	C:\Program Files\Java\jre1.8.0_161\bin\nio.dll
0x00007ff8edb00000 - 0x00007ff8edb33000 	C:\WINDOWS\system32\rsaenh.dll
0x00007ff8ee610000 - 0x00007ff8ee635000 	C:\WINDOWS\SYSTEM32\USERENV.dll
0x00007ff8ee160000 - 0x00007ff8ee16c000 	C:\WINDOWS\SYSTEM32\CRYPTBASE.dll
0x00007ff8e8050000 - 0x00007ff8e8066000 	C:\WINDOWS\SYSTEM32\dhcpcsvc6.DLL
0x00007ff8e8970000 - 0x00007ff8e898c000 	C:\WINDOWS\SYSTEM32\dhcpcsvc.DLL

VM Arguments:
jvm_args: -Dfile.encoding=UTF-8 
java_command: assignment6master.Assignment6MasterApplication
java_class_path (initial): C:\Users\MrSoap\Spring-Workspaces\workspace-1\assignment6-master\target\classes;C:\Users\MrSoap\.m2\repository\org\springframework\boot\spring-boot-starter-data-jpa\2.2.7.RELEASE\spring-boot-starter-data-jpa-2.2.7.RELEASE.jar;C:\Users\MrSoap\.m2\repository\org\springframework\boot\spring-boot-starter-aop\2.2.7.RELEASE\spring-boot-starter-aop-2.2.7.RELEASE.jar;C:\Users\MrSoap\.m2\repository\org\springframework\spring-aop\5.2.6.RELEASE\spring-aop-5.2.6.RELEASE.jar;C:\Users\MrSoap\.m2\repository\org\aspectj\aspectjweaver\1.9.5\aspectjweaver-1.9.5.jar;C:\Users\MrSoap\.m2\repository\org\springframework\boot\spring-boot-starter-jdbc\2.2.7.RELEASE\spring-boot-starter-jdbc-2.2.7.RELEASE.jar;C:\Users\MrSoap\.m2\repository\com\zaxxer\HikariCP\3.4.3\HikariCP-3.4.3.jar;C:\Users\MrSoap\.m2\repository\org\springframework\spring-jdbc\5.2.6.RELEASE\spring-jdbc-5.2.6.RELEASE.jar;C:\Users\MrSoap\.m2\repository\jakarta\persistence\jakarta.persistence-api\2.2.3\jakarta.persistence-api-2.2.3.jar;C:\Users\MrSoap\.m2\repository\jakarta\transaction\jakarta.transaction-api\1.3.3\jakarta.transaction-api-1.3.3.jar;C:\Users\MrSoap\.m2\repository\org\hibernate\hibernate-core\5.4.15.Final\hibernate-core-5.4.15.Final.jar;C:\Users\MrSoap\.m2\repository\org\jboss\logging\jboss-logging\3.4.1.Final\jboss-logging-3.4.1.Final.jar;C:\Users\MrSoap\.m2\repository\org\javassist\javassist\3.24.0-GA\javassist-3.24.0-GA.jar;C:\Users\MrSoap\.m2\repository\net\bytebuddy\byte-buddy\1.10.10\byte-buddy-1.10.10.jar;C:\Users\MrSoap\.m2\repository\antlr\antlr\2.7.7\antlr-2.7.7.jar;C:\Users\MrSoap\.m2\repository\org\jboss\jandex\2.1.3.Final\jandex-2.1.3.Final.jar;C:\Users\MrSoap\.m2\repository\com\fasterxml\classmate\1.5.1\classmate-1.5.1.jar;C:\Users\MrSoap\.m2\repository\org\dom4j\dom4j\2.1.3\dom4j-2.1.3.jar;C:\Users\MrSoap\.m2\repository\org\hibernate\common\hibernate-commons-annotations\5.1.0.Final\hibernate-commons-annotations-5.1.0.Final.jar;C:\Users\MrSoap\.m2\repository\org\glassfi
Launcher Type: SUN_STANDARD

Environment Variables:
USERNAME=MrSoap
OS=Windows_NT
PROCESSOR_IDENTIFIER=Intel64 Family 6 Model 94 Stepping 3, GenuineIntel



---------------  S Y S T E M  ---------------

OS: Windows 10.0 , 64 bit Build 18362 (10.0.18362.778)

CPU:total 4 (initial active 4) (4 cores per cpu, 1 threads per core) family 6 model 94 stepping 3, cmov, cx8, fxsr, mmx, sse, sse2, sse3, ssse3, sse4.1, sse4.2, popcnt, avx, avx2, aes, clmul, erms, 3dnowpref, lzcnt, tsc, tscinvbit, bmi1, bmi2, adx

Memory: 4k page, physical 8353668k(1625756k free), swap 33519492k(5368k free)

vm_info: Java HotSpot(TM) 64-Bit Server VM (25.161-b12) for windows-amd64 JRE (1.8.0_161-b12), built on Dec 19 2017 17:52:25 by "java_re" with MS VC++ 10.0 (VS2010)

time: Mon May 11 14:32:55 2020
elapsed time: 5 seconds (0d 0h 0m 5s)

