#
# There is insufficient memory for the Java Runtime Environment to continue.
# Native memory allocation (malloc) failed to allocate 663376 bytes for Chunk::new
# Possible reasons:
#   The system is out of physical RAM or swap space
#   In 32 bit mode, the process size limit was hit
# Possible solutions:
#   Reduce memory load on the system
#   Increase physical memory or swap space
#   Check if swap backing store is full
#   Use 64 bit Java on a 64 bit OS
#   Decrease Java heap size (-Xmx/-Xms)
#   Decrease number of Java threads
#   Decrease Java thread stack sizes (-Xss)
#   Set larger code cache with -XX:ReservedCodeCacheSize=
# This output file may be truncated or incomplete.
#
#  Out of Memory Error (allocation.cpp:390), pid=20184, tid=0x0000000000002754
#
# JRE version: Java(TM) SE Runtime Environment (8.0_161-b12) (build 1.8.0_161-b12)
# Java VM: Java HotSpot(TM) 64-Bit Server VM (25.161-b12 mixed mode windows-amd64 compressed oops)
# Failed to write core dump. Minidumps are not enabled by default on client versions of Windows
#

---------------  T H R E A D  ---------------

Current thread (0x00000000170a2800):  JavaThread "C2 CompilerThread1" daemon [_thread_in_native, id=10068, stack(0x00000000187f0000,0x00000000188f0000)]

Stack: [0x00000000187f0000,0x00000000188f0000]
[error occurred during error reporting (printing stack bounds), id 0xc0000005]

Native frames: (J=compiled Java code, j=interpreted, Vv=VM code, C=native code)


Current CompileTask:
C2:    839  653       4       java.io.WinNTFileSystem::normalize (143 bytes)


---------------  P R O C E S S  ---------------

Java Threads: ( => current thread )
  0x00000000194ac800 JavaThread "restartedMain" [_thread_in_vm, id=24776, stack(0x000000001aa00000,0x000000001ab00000)]
  0x00000000197e7800 JavaThread "Thread-0" [_thread_blocked, id=1568, stack(0x000000001a900000,0x000000001aa00000)]
  0x0000000018a28800 JavaThread "Service Thread" daemon [_thread_blocked, id=2400, stack(0x0000000018df0000,0x0000000018ef0000)]
  0x00000000170d7800 JavaThread "C1 CompilerThread2" daemon [_thread_blocked, id=17336, stack(0x00000000188f0000,0x00000000189f0000)]
=>0x00000000170a2800 JavaThread "C2 CompilerThread1" daemon [_thread_in_native, id=10068, stack(0x00000000187f0000,0x00000000188f0000)]
  0x0000000017086800 JavaThread "C2 CompilerThread0" daemon [_thread_blocked, id=28292, stack(0x00000000186f0000,0x00000000187f0000)]
  0x0000000017085800 JavaThread "Attach Listener" daemon [_thread_blocked, id=31848, stack(0x00000000185f0000,0x00000000186f0000)]
  0x0000000017084000 JavaThread "Signal Dispatcher" daemon [_thread_blocked, id=29032, stack(0x00000000184f0000,0x00000000185f0000)]
  0x00000000024ad000 JavaThread "Finalizer" daemon [_thread_blocked, id=4616, stack(0x00000000182f0000,0x00000000183f0000)]
  0x00000000024a7000 JavaThread "Reference Handler" daemon [_thread_blocked, id=2140, stack(0x00000000181f0000,0x00000000182f0000)]
  0x00000000023b5000 JavaThread "main" [_thread_blocked, id=25084, stack(0x0000000002200000,0x0000000002300000)]

Other Threads:
  0x0000000017048000 VMThread [stack: 0x00000000180f0000,0x00000000181f0000] [id=32348]
  0x0000000018a2c800 WatcherThread [stack: 0x0000000018ef0000,0x0000000018ff0000] [id=3872]

VM state:not at safepoint (normal execution)

VM Mutex/Monitor currently owned by a thread: None

Heap:
 PSYoungGen      total 38400K, used 35637K [0x00000000d5800000, 0x00000000d8280000, 0x0000000100000000)
  eden space 33280K, 96% used [0x00000000d5800000,0x00000000d7737cd8,0x00000000d7880000)
  from space 5120K, 71% used [0x00000000d7880000,0x00000000d7c15960,0x00000000d7d80000)
  to   space 5120K, 0% used [0x00000000d7d80000,0x00000000d7d80000,0x00000000d8280000)
 ParOldGen       total 87552K, used 8K [0x0000000080800000, 0x0000000085d80000, 0x00000000d5800000)
  object space 87552K, 0% used [0x0000000080800000,0x0000000080802000,0x0000000085d80000)
 Metaspace       used 7741K, capacity 7970K, committed 8192K, reserved 1056768K
  class space    used 925K, capacity 1020K, committed 1024K, reserved 1048576K

Card table byte_map: [0x0000000011870000,0x0000000011c70000] byte_map_base: 0x000000001146c000

Marking Bits: (ParMarkBitMap*) 0x000000005e31f860
 Begin Bits: [0x0000000012320000, 0x0000000014300000)
 End Bits:   [0x0000000014300000, 0x00000000162e0000)

Polling page: 0x00000000003f0000

CodeCache: size=245760Kb used=2871Kb max_used=2874Kb free=242888Kb
 bounds [0x00000000024b0000, 0x0000000002780000, 0x00000000114b0000]
 total_blobs=1012 nmethods=711 adapters=214
 compilation: enabled

Compilation events (10 events):
Event: 0.830 Thread 0x00000000170d7800 nmethod 704 0x0000000002779190 code [0x0000000002779380, 0x00000000027798b8]
Event: 0.832 Thread 0x00000000170d7800  705       3       java.lang.ClassLoader::compareCerts (149 bytes)
Event: 0.832 Thread 0x00000000170d7800 nmethod 705 0x0000000002779b90 code [0x0000000002779d60, 0x000000000277a618]
Event: 0.833 Thread 0x0000000017086800 nmethod 696% 0x000000000277ded0 code [0x000000000277e080, 0x000000000277ea18]
Event: 0.837 Thread 0x00000000170d7800  706       1       java.lang.reflect.Constructor::getDeclaringClass (5 bytes)
Event: 0.837 Thread 0x00000000170d7800 nmethod 706 0x000000000277d890 code [0x000000000277d9e0, 0x000000000277daf0]
Event: 0.837 Thread 0x00000000170d7800  708       3       java.lang.Character::charCount (12 bytes)
Event: 0.837 Thread 0x00000000170d7800 nmethod 708 0x000000000277d550 code [0x000000000277d6a0, 0x000000000277d830]
Event: 0.837 Thread 0x00000000170d7800  709       3       java.lang.String::codePointAt (36 bytes)
Event: 0.837 Thread 0x00000000170d7800 nmethod 709 0x000000000277d010 code [0x000000000277d1a0, 0x000000000277d418]

GC Heap History (2 events):
Event: 0.766 GC heap before
{Heap before GC invocations=1 (full 0):
 PSYoungGen      total 38400K, used 33260K [0x00000000d5800000, 0x00000000d8280000, 0x0000000100000000)
  eden space 33280K, 99% used [0x00000000d5800000,0x00000000d787b150,0x00000000d7880000)
  from space 5120K, 0% used [0x00000000d7d80000,0x00000000d7d80000,0x00000000d8280000)
  to   space 5120K, 0% used [0x00000000d7880000,0x00000000d7880000,0x00000000d7d80000)
 ParOldGen       total 87552K, used 0K [0x0000000080800000, 0x0000000085d80000, 0x00000000d5800000)
  object space 87552K, 0% used [0x0000000080800000,0x0000000080800000,0x0000000085d80000)
 Metaspace       used 7212K, capacity 7368K, committed 7680K, reserved 1056768K
  class space    used 849K, capacity 908K, committed 1024K, reserved 1048576K
Event: 0.769 GC heap after
Heap after GC invocations=1 (full 0):
 PSYoungGen      total 38400K, used 3670K [0x00000000d5800000, 0x00000000d8280000, 0x0000000100000000)
  eden space 33280K, 0% used [0x00000000d5800000,0x00000000d5800000,0x00000000d7880000)
  from space 5120K, 71% used [0x00000000d7880000,0x00000000d7c15960,0x00000000d7d80000)
  to   space 5120K, 0% used [0x00000000d7d80000,0x00000000d7d80000,0x00000000d8280000)
 ParOldGen       total 87552K, used 8K [0x0000000080800000, 0x0000000085d80000, 0x00000000d5800000)
  object space 87552K, 0% used [0x0000000080800000,0x0000000080802000,0x0000000085d80000)
 Metaspace       used 7212K, capacity 7368K, committed 7680K, reserved 1056768K
  class space    used 849K, capacity 908K, committed 1024K, reserved 1048576K
}

Deoptimization events (3 events):
Event: 0.289 Thread 0x00000000023b5000 Uncommon trap: reason=unstable_if action=reinterpret pc=0x00000000025cc3b8 method=java.lang.String.hashCode()I @ 14
Event: 0.739 Thread 0x00000000023b5000 Uncommon trap: reason=range_check action=make_not_entrant pc=0x00000000027003e0 method=sun.reflect.generics.parser.SignatureParser.current()C @ 34
Event: 0.810 Thread 0x00000000194ac800 Uncommon trap: reason=class_check action=maybe_recompile pc=0x0000000002644520 method=sun.misc.URLClassPath.getLoader(I)Lsun/misc/URLClassPath$Loader; @ 94

Classes redefined (0 events):
No events

Internal exceptions (10 events):
Event: 0.737 Thread 0x00000000023b5000 Exception <a 'java/lang/ArrayIndexOutOfBoundsException'> (0x00000000d6b51500) thrown at [C:\re\workspace\8-2-build-windows-amd64-cygwin\jdk8u161\10277\hotspot\src\share\vm\runtime\sharedRuntime.cpp, line 605]
Event: 0.737 Thread 0x00000000023b5000 Exception <a 'java/lang/ArrayIndexOutOfBoundsException'> (0x00000000d6b535b8) thrown at [C:\re\workspace\8-2-build-windows-amd64-cygwin\jdk8u161\10277\hotspot\src\share\vm\runtime\sharedRuntime.cpp, line 605]
Event: 0.737 Thread 0x00000000023b5000 Exception <a 'java/lang/ArrayIndexOutOfBoundsException'> (0x00000000d6b55160) thrown at [C:\re\workspace\8-2-build-windows-amd64-cygwin\jdk8u161\10277\hotspot\src\share\vm\runtime\sharedRuntime.cpp, line 605]
Event: 0.738 Thread 0x00000000023b5000 Exception <a 'java/lang/ArrayIndexOutOfBoundsException'> (0x00000000d6b57028) thrown at [C:\re\workspace\8-2-build-windows-amd64-cygwin\jdk8u161\10277\hotspot\src\share\vm\runtime\sharedRuntime.cpp, line 605]
Event: 0.738 Thread 0x00000000023b5000 Exception <a 'java/lang/ArrayIndexOutOfBoundsException'> (0x00000000d6b597c8) thrown at [C:\re\workspace\8-2-build-windows-amd64-cygwin\jdk8u161\10277\hotspot\src\share\vm\runtime\sharedRuntime.cpp, line 605]
Event: 0.738 Thread 0x00000000023b5000 Exception <a 'java/lang/ArrayIndexOutOfBoundsException'> (0x00000000d6b6ae88) thrown at [C:\re\workspace\8-2-build-windows-amd64-cygwin\jdk8u161\10277\hotspot\src\share\vm\runtime\sharedRuntime.cpp, line 605]
Event: 0.739 Thread 0x00000000023b5000 Exception <a 'java/lang/ArrayIndexOutOfBoundsException'> (0x00000000d6b6c7d8) thrown at [C:\re\workspace\8-2-build-windows-amd64-cygwin\jdk8u161\10277\hotspot\src\share\vm\runtime\sharedRuntime.cpp, line 605]
Event: 0.739 Thread 0x00000000023b5000 Exception <a 'java/lang/ArrayIndexOutOfBoundsException': 179> (0x00000000d6b74a28) thrown at [C:\re\workspace\8-2-build-windows-amd64-cygwin\jdk8u161\10277\hotspot\src\share\vm\interpreter\interpreterRuntime.cpp, line 366]
Event: 0.739 Thread 0x00000000023b5000 Exception <a 'java/lang/ArrayIndexOutOfBoundsException': 134> (0x00000000d6b765b8) thrown at [C:\re\workspace\8-2-build-windows-amd64-cygwin\jdk8u161\10277\hotspot\src\share\vm\interpreter\interpreterRuntime.cpp, line 366]
Event: 0.807 Thread 0x00000000197e7800 Exception <a 'java/lang/NoSuchMethodError': java.lang.Object.lambda$static$0(Ljava/lang/Throwable;)Lorg/springframework/boot/devtools/restart/FailureHandler$Outcome;> (0x00000000d74b4d10) thrown at [C:\re\workspace\8-2-build-windows-amd64-cygwin\jdk8u161\

Events (10 events):
Event: 0.837 loading class java/util/regex/Pattern$GroupTail done
Event: 0.837 loading class java/util/regex/Pattern$Ques
Event: 0.837 loading class java/util/regex/Pattern$Ques done
Event: 0.837 loading class java/util/regex/Pattern$1
Event: 0.837 loading class java/util/regex/Pattern$1 done
Event: 0.837 loading class java/util/Formatter$FixedString
Event: 0.837 loading class java/util/Formatter$FormatString
Event: 0.837 loading class java/util/Formatter$FormatString done
Event: 0.838 loading class java/util/Formatter$FixedString done
Event: 0.838 loading class java/util/Formatter$FormatSpecifier


Dynamic libraries:
0x00007ff756440000 - 0x00007ff756477000 	C:\Program Files\Java\jre1.8.0_161\bin\javaw.exe
0x00007ff8f1860000 - 0x00007ff8f1a50000 	C:\WINDOWS\SYSTEM32\ntdll.dll
0x00007ff8b7bf0000 - 0x00007ff8b7c03000 	C:\Program Files\Avast Software\Avast\aswhook.dll
0x00007ff8f0070000 - 0x00007ff8f0122000 	C:\WINDOWS\System32\KERNEL32.DLL
0x00007ff8ef3b0000 - 0x00007ff8ef653000 	C:\WINDOWS\System32\KERNELBASE.dll
0x00007ff8f0240000 - 0x00007ff8f02e3000 	C:\WINDOWS\System32\ADVAPI32.dll
0x00007ff8f1120000 - 0x00007ff8f11be000 	C:\WINDOWS\System32\msvcrt.dll
0x00007ff8eff50000 - 0x00007ff8effe7000 	C:\WINDOWS\System32\sechost.dll
0x00007ff8f0520000 - 0x00007ff8f0640000 	C:\WINDOWS\System32\RPCRT4.dll
0x00007ff8f0640000 - 0x00007ff8f07d4000 	C:\WINDOWS\System32\USER32.dll
0x00007ff8ef110000 - 0x00007ff8ef131000 	C:\WINDOWS\System32\win32u.dll
0x00007ff8f1040000 - 0x00007ff8f1066000 	C:\WINDOWS\System32\GDI32.dll
0x00007ff8ef660000 - 0x00007ff8ef7f4000 	C:\WINDOWS\System32\gdi32full.dll
0x00007ff8ef310000 - 0x00007ff8ef3ae000 	C:\WINDOWS\System32\msvcp_win.dll
0x00007ff8ef190000 - 0x00007ff8ef28a000 	C:\WINDOWS\System32\ucrtbase.dll
0x00007ff8e5f00000 - 0x00007ff8e6185000 	C:\WINDOWS\WinSxS\amd64_microsoft.windows.common-controls_6595b64144ccf1df_6.0.18362.778_none_e6c6b761130d4fb8\COMCTL32.dll
0x00007ff8f1470000 - 0x00007ff8f17a6000 	C:\WINDOWS\System32\combase.dll
0x00007ff8ef290000 - 0x00007ff8ef310000 	C:\WINDOWS\System32\bcryptPrimitives.dll
0x00007ff8f1440000 - 0x00007ff8f146e000 	C:\WINDOWS\System32\IMM32.DLL
0x000000005d690000 - 0x000000005d762000 	C:\Program Files\Java\jre1.8.0_161\bin\msvcr100.dll
0x000000005db00000 - 0x000000005e39f000 	C:\Program Files\Java\jre1.8.0_161\bin\server\jvm.dll
0x00007ff8f07e0000 - 0x00007ff8f07e8000 	C:\WINDOWS\System32\PSAPI.DLL
0x00007ff8dc950000 - 0x00007ff8dc959000 	C:\WINDOWS\SYSTEM32\WSOCK32.dll
0x00007ff8f17b0000 - 0x00007ff8f181f000 	C:\WINDOWS\System32\WS2_32.dll
0x00007ff8ec430000 - 0x00007ff8ec454000 	C:\WINDOWS\SYSTEM32\WINMM.dll
0x00007ff8ea2e0000 - 0x00007ff8ea2ea000 	C:\WINDOWS\SYSTEM32\VERSION.dll
0x00007ff8ec090000 - 0x00007ff8ec0bd000 	C:\WINDOWS\SYSTEM32\WINMMBASE.dll
0x00007ff8ef140000 - 0x00007ff8ef18a000 	C:\WINDOWS\System32\cfgmgr32.dll
0x000000005ea70000 - 0x000000005ea7f000 	C:\Program Files\Java\jre1.8.0_161\bin\verify.dll
0x000000005ea40000 - 0x000000005ea69000 	C:\Program Files\Java\jre1.8.0_161\bin\java.dll
0x000000005ea20000 - 0x000000005ea36000 	C:\Program Files\Java\jre1.8.0_161\bin\zip.dll
0x00007ff8f0950000 - 0x00007ff8f1035000 	C:\WINDOWS\System32\SHELL32.dll
0x00007ff8f1070000 - 0x00007ff8f1119000 	C:\WINDOWS\System32\shcore.dll
0x00007ff8ee990000 - 0x00007ff8ef110000 	C:\WINDOWS\System32\windows.storage.dll
0x00007ff8ee7c0000 - 0x00007ff8ee7e3000 	C:\WINDOWS\System32\profapi.dll
0x00007ff8ee730000 - 0x00007ff8ee77a000 	C:\WINDOWS\System32\powrprof.dll
0x00007ff8ee720000 - 0x00007ff8ee730000 	C:\WINDOWS\System32\UMPDC.dll
0x00007ff8f01e0000 - 0x00007ff8f0232000 	C:\WINDOWS\System32\shlwapi.dll
0x00007ff8ee7a0000 - 0x00007ff8ee7b1000 	C:\WINDOWS\System32\kernel.appcore.dll
0x00007ff8ee940000 - 0x00007ff8ee957000 	C:\WINDOWS\System32\cryptsp.dll

VM Arguments:
jvm_args: -Dfile.encoding=UTF-8 
java_command: assignment6master.Assignment6MasterApplication
java_class_path (initial): C:\Users\MrSoap\Spring-Workspaces\workspace-1\assignment6-master\target\classes;C:\Users\MrSoap\.m2\repository\org\springframework\boot\spring-boot-starter-data-jpa\2.2.7.RELEASE\spring-boot-starter-data-jpa-2.2.7.RELEASE.jar;C:\Users\MrSoap\.m2\repository\org\springframework\boot\spring-boot-starter-aop\2.2.7.RELEASE\spring-boot-starter-aop-2.2.7.RELEASE.jar;C:\Users\MrSoap\.m2\repository\org\springframework\spring-aop\5.2.6.RELEASE\spring-aop-5.2.6.RELEASE.jar;C:\Users\MrSoap\.m2\repository\org\aspectj\aspectjweaver\1.9.5\aspectjweaver-1.9.5.jar;C:\Users\MrSoap\.m2\repository\org\springframework\boot\spring-boot-starter-jdbc\2.2.7.RELEASE\spring-boot-starter-jdbc-2.2.7.RELEASE.jar;C:\Users\MrSoap\.m2\repository\com\zaxxer\HikariCP\3.4.3\HikariCP-3.4.3.jar;C:\Users\MrSoap\.m2\repository\org\springframework\spring-jdbc\5.2.6.RELEASE\spring-jdbc-5.2.6.RELEASE.jar;C:\Users\MrSoap\.m2\repository\jakarta\persistence\jakarta.persistence-api\2.2.3\jakarta.persistence-api-2.2.3.jar;C:\Users\MrSoap\.m2\repository\jakarta\transaction\jakarta.transaction-api\1.3.3\jakarta.transaction-api-1.3.3.jar;C:\Users\MrSoap\.m2\repository\org\hibernate\hibernate-core\5.4.15.Final\hibernate-core-5.4.15.Final.jar;C:\Users\MrSoap\.m2\repository\org\jboss\logging\jboss-logging\3.4.1.Final\jboss-logging-3.4.1.Final.jar;C:\Users\MrSoap\.m2\repository\org\javassist\javassist\3.24.0-GA\javassist-3.24.0-GA.jar;C:\Users\MrSoap\.m2\repository\net\bytebuddy\byte-buddy\1.10.10\byte-buddy-1.10.10.jar;C:\Users\MrSoap\.m2\repository\antlr\antlr\2.7.7\antlr-2.7.7.jar;C:\Users\MrSoap\.m2\repository\org\jboss\jandex\2.1.3.Final\jandex-2.1.3.Final.jar;C:\Users\MrSoap\.m2\repository\com\fasterxml\classmate\1.5.1\classmate-1.5.1.jar;C:\Users\MrSoap\.m2\repository\org\dom4j\dom4j\2.1.3\dom4j-2.1.3.jar;C:\Users\MrSoap\.m2\repository\org\hibernate\common\hibernate-commons-annotations\5.1.0.Final\hibernate-commons-annotations-5.1.0.Final.jar;C:\Users\MrSoap\.m2\repository\org\glassfi
Launcher Type: SUN_STANDARD

Environment Variables:
USERNAME=MrSoap
OS=Windows_NT
PROCESSOR_IDENTIFIER=Intel64 Family 6 Model 94 Stepping 3, GenuineIntel



---------------  S Y S T E M  ---------------

OS: Windows 10.0 , 64 bit Build 18362 (10.0.18362.778)

CPU:total 4 (initial active 4) (4 cores per cpu, 1 threads per core) family 6 model 94 stepping 3, cmov, cx8, fxsr, mmx, sse, sse2, sse3, ssse3, sse4.1, sse4.2, popcnt, avx, avx2, aes, clmul, erms, 3dnowpref, lzcnt, tsc, tscinvbit, bmi1, bmi2, adx

Memory: 4k page, physical 8353668k(1848864k free), swap 33519492k(9620k free)

vm_info: Java HotSpot(TM) 64-Bit Server VM (25.161-b12) for windows-amd64 JRE (1.8.0_161-b12), built on Dec 19 2017 17:52:25 by "java_re" with MS VC++ 10.0 (VS2010)

time: Mon May 11 15:27:43 2020
elapsed time: 0 seconds (0d 0h 0m 0s)

