#
# There is insufficient memory for the Java Runtime Environment to continue.
# Native memory allocation (malloc) failed to allocate 1252336 bytes for Chunk::new
# Possible reasons:
#   The system is out of physical RAM or swap space
#   In 32 bit mode, the process size limit was hit
# Possible solutions:
#   Reduce memory load on the system
#   Increase physical memory or swap space
#   Check if swap backing store is full
#   Use 64 bit Java on a 64 bit OS
#   Decrease Java heap size (-Xmx/-Xms)
#   Decrease number of Java threads
#   Decrease Java thread stack sizes (-Xss)
#   Set larger code cache with -XX:ReservedCodeCacheSize=
# This output file may be truncated or incomplete.
#
#  Out of Memory Error (allocation.cpp:390), pid=10340, tid=0x0000000000006a34
#
# JRE version: Java(TM) SE Runtime Environment (8.0_161-b12) (build 1.8.0_161-b12)
# Java VM: Java HotSpot(TM) 64-Bit Server VM (25.161-b12 mixed mode windows-amd64 compressed oops)
# Failed to write core dump. Minidumps are not enabled by default on client versions of Windows
#

---------------  T H R E A D  ---------------

Current thread (0x0000000017804000):  JavaThread "C2 CompilerThread0" daemon [_thread_in_native, id=27188, stack(0x0000000018e50000,0x0000000018f50000)]

Stack: [0x0000000018e50000,0x0000000018f50000]
[error occurred during error reporting (printing stack bounds), id 0xc0000005]

Native frames: (J=compiled Java code, j=interpreted, Vv=VM code, C=native code)


Current CompileTask:
C2:   4327 3155       4       org.springframework.core.annotation.TypeMappedAnnotations::get (52 bytes)


---------------  P R O C E S S  ---------------

Java Threads: ( => current thread )
  0x000000001a8a0800 JavaThread "mysql-cj-abandoned-connection-cleanup" daemon [_thread_blocked, id=1976, stack(0x000000001ff20000,0x0000000020020000)]
  0x000000001a89e000 JavaThread "container-0" [_thread_blocked, id=31908, stack(0x000000001fc20000,0x000000001fd20000)]
  0x000000001a89d800 JavaThread "Catalina-utility-2" [_thread_new, id=10880, stack(0x0000000000000000,0x0000000000000000)]
  0x000000001a89c800 JavaThread "Catalina-utility-1" [_thread_new, id=14972, stack(0x0000000000000000,0x0000000000000000)]
  0x0000000019dfc000 JavaThread "restartedMain" [_thread_in_vm, id=29156, stack(0x000000001a190000,0x000000001a290000)]
  0x0000000019cab000 JavaThread "Thread-0" [_thread_blocked, id=14388, stack(0x000000001a090000,0x000000001a190000)]
  0x0000000019172800 JavaThread "Service Thread" daemon [_thread_blocked, id=12124, stack(0x0000000019550000,0x0000000019650000)]
  0x0000000017855800 JavaThread "C1 CompilerThread2" daemon [_thread_in_native, id=11356, stack(0x0000000019050000,0x0000000019150000)]
  0x0000000017810000 JavaThread "C2 CompilerThread1" daemon [_thread_in_native, id=15024, stack(0x0000000018f50000,0x0000000019050000)]
=>0x0000000017804000 JavaThread "C2 CompilerThread0" daemon [_thread_in_native, id=27188, stack(0x0000000018e50000,0x0000000018f50000)]
  0x0000000017803000 JavaThread "Attach Listener" daemon [_thread_blocked, id=25016, stack(0x0000000018d50000,0x0000000018e50000)]
  0x0000000017801800 JavaThread "Signal Dispatcher" daemon [_thread_blocked, id=21848, stack(0x0000000018c50000,0x0000000018d50000)]
  0x00000000177f0000 JavaThread "Finalizer" daemon [_thread_blocked, id=16616, stack(0x0000000018a50000,0x0000000018b50000)]
  0x0000000002c26000 JavaThread "Reference Handler" daemon [_thread_blocked, id=20456, stack(0x0000000018950000,0x0000000018a50000)]
  0x0000000002b35000 JavaThread "main" [_thread_blocked, id=17404, stack(0x0000000002990000,0x0000000002a90000)]

Other Threads:
  0x00000000177c7000 VMThread [stack: 0x0000000018850000,0x0000000018950000] [id=2920]
  0x0000000019177800 WatcherThread [stack: 0x0000000019650000,0x0000000019750000] [id=22180]

VM state:not at safepoint (normal execution)

VM Mutex/Monitor currently owned by a thread: None

Heap:
 PSYoungGen      total 115712K, used 100574K [0x00000000d5800000, 0x00000000de680000, 0x0000000100000000)
  eden space 105984K, 85% used [0x00000000d5800000,0x00000000db0b8390,0x00000000dbf80000)
  from space 9728K, 99% used [0x00000000dd380000,0x00000000ddcff700,0x00000000ddd00000)
  to   space 3072K, 0% used [0x00000000de380000,0x00000000de380000,0x00000000de680000)
 ParOldGen       total 58880K, used 11143K [0x0000000080800000, 0x0000000084180000, 0x00000000d5800000)
  object space 58880K, 18% used [0x0000000080800000,0x00000000812e1cf8,0x0000000084180000)
 Metaspace       used 31876K, capacity 33717K, committed 34048K, reserved 1079296K
  class space    used 4198K, capacity 4532K, committed 4608K, reserved 1048576K

Card table byte_map: [0x0000000011ff0000,0x00000000123f0000] byte_map_base: 0x0000000011bec000

Marking Bits: (ParMarkBitMap*) 0x000000005e31f860
 Begin Bits: [0x0000000012aa0000, 0x0000000014a80000)
 End Bits:   [0x0000000014a80000, 0x0000000016a60000)

Polling page: 0x0000000001160000

CodeCache: size=245760Kb used=11053Kb max_used=11053Kb free=234706Kb
 bounds [0x0000000002c30000, 0x0000000003700000, 0x0000000011c30000]
 total_blobs=3606 nmethods=3206 adapters=311
 compilation: enabled

Compilation events (10 events):
Event: 4.269 Thread 0x0000000017855800 nmethod 3204 0x00000000036f5fd0 code [0x00000000036f6140, 0x00000000036f6490]
Event: 4.274 Thread 0x0000000017855800 3210       3       java.util.LinkedHashSet::<init> (10 bytes)
Event: 4.274 Thread 0x0000000017855800 nmethod 3210 0x00000000036f65d0 code [0x00000000036f6780, 0x00000000036f6b88]
Event: 4.275 Thread 0x0000000017855800 3211       3       org.springframework.beans.factory.config.DependencyDescriptor::getDependencyType (123 bytes)
Event: 4.276 Thread 0x0000000017855800 nmethod 3211 0x00000000036f6dd0 code [0x00000000036f7080, 0x00000000036f8998]
Event: 4.310 Thread 0x0000000017855800 3212   !   3       sun.misc.URLClassPath$JarLoader::getResource (85 bytes)
Event: 4.311 Thread 0x0000000017855800 nmethod 3212 0x00000000036f92d0 code [0x00000000036f94e0, 0x00000000036f9f58]
Event: 4.311 Thread 0x0000000017855800 3213   !   3       java.net.URL::<init> (543 bytes)
Event: 4.314 Thread 0x0000000017855800 nmethod 3213 0x00000000036fa490 code [0x00000000036fa940, 0x00000000036fd9b8]
Event: 4.325 Thread 0x0000000017855800 3214       3       java.net.URLStreamHandler::parseURL (1193 bytes)

GC Heap History (10 events):
Event: 1.328 GC heap before
{Heap before GC invocations=4 (full 0):
 PSYoungGen      total 38400K, used 38369K [0x00000000d5800000, 0x00000000da300000, 0x0000000100000000)
  eden space 33280K, 100% used [0x00000000d5800000,0x00000000d7880000,0x00000000d7880000)
  from space 5120K, 99% used [0x00000000d7880000,0x00000000d7d78410,0x00000000d7d80000)
  to   space 5120K, 0% used [0x00000000d9e00000,0x00000000d9e00000,0x00000000da300000)
 ParOldGen       total 87552K, used 120K [0x0000000080800000, 0x0000000085d80000, 0x00000000d5800000)
  object space 87552K, 0% used [0x0000000080800000,0x000000008081e0b8,0x0000000085d80000)
 Metaspace       used 15001K, capacity 15550K, committed 15744K, reserved 1062912K
  class space    used 1983K, capacity 2139K, committed 2176K, reserved 1048576K
Event: 1.334 GC heap after
Heap after GC invocations=4 (full 0):
 PSYoungGen      total 71680K, used 5094K [0x00000000d5800000, 0x00000000da300000, 0x0000000100000000)
  eden space 66560K, 0% used [0x00000000d5800000,0x00000000d5800000,0x00000000d9900000)
  from space 5120K, 99% used [0x00000000d9e00000,0x00000000da2f9ab0,0x00000000da300000)
  to   space 5120K, 0% used [0x00000000d9900000,0x00000000d9900000,0x00000000d9e00000)
 ParOldGen       total 87552K, used 1225K [0x0000000080800000, 0x0000000085d80000, 0x00000000d5800000)
  object space 87552K, 1% used [0x0000000080800000,0x0000000080932780,0x0000000085d80000)
 Metaspace       used 15001K, capacity 15550K, committed 15744K, reserved 1062912K
  class space    used 1983K, capacity 2139K, committed 2176K, reserved 1048576K
}
Event: 1.617 GC heap before
{Heap before GC invocations=5 (full 0):
 PSYoungGen      total 71680K, used 46379K [0x00000000d5800000, 0x00000000da300000, 0x0000000100000000)
  eden space 66560K, 62% used [0x00000000d5800000,0x00000000d80512e0,0x00000000d9900000)
  from space 5120K, 99% used [0x00000000d9e00000,0x00000000da2f9ab0,0x00000000da300000)
  to   space 5120K, 0% used [0x00000000d9900000,0x00000000d9900000,0x00000000d9e00000)
 ParOldGen       total 87552K, used 1225K [0x0000000080800000, 0x0000000085d80000, 0x00000000d5800000)
  object space 87552K, 1% used [0x0000000080800000,0x0000000080932780,0x0000000085d80000)
 Metaspace       used 20508K, capacity 21217K, committed 21296K, reserved 1067008K
  class space    used 2680K, capacity 2865K, committed 2944K, reserved 1048576K
Event: 1.627 GC heap after
Heap after GC invocations=5 (full 0):
 PSYoungGen      total 71680K, used 5107K [0x00000000d5800000, 0x00000000ded00000, 0x0000000100000000)
  eden space 66560K, 0% used [0x00000000d5800000,0x00000000d5800000,0x00000000d9900000)
  from space 5120K, 99% used [0x00000000d9900000,0x00000000d9dfcf00,0x00000000d9e00000)
  to   space 9728K, 0% used [0x00000000de380000,0x00000000de380000,0x00000000ded00000)
 ParOldGen       total 87552K, used 5509K [0x0000000080800000, 0x0000000085d80000, 0x00000000d5800000)
  object space 87552K, 6% used [0x0000000080800000,0x0000000080d61740,0x0000000085d80000)
 Metaspace       used 20508K, capacity 21217K, committed 21296K, reserved 1067008K
  class space    used 2680K, capacity 2865K, committed 2944K, reserved 1048576K
}
Event: 1.627 GC heap before
{Heap before GC invocations=6 (full 1):
 PSYoungGen      total 71680K, used 5107K [0x00000000d5800000, 0x00000000ded00000, 0x0000000100000000)
  eden space 66560K, 0% used [0x00000000d5800000,0x00000000d5800000,0x00000000d9900000)
  from space 5120K, 99% used [0x00000000d9900000,0x00000000d9dfcf00,0x00000000d9e00000)
  to   space 9728K, 0% used [0x00000000de380000,0x00000000de380000,0x00000000ded00000)
 ParOldGen       total 87552K, used 5509K [0x0000000080800000, 0x0000000085d80000, 0x00000000d5800000)
  object space 87552K, 6% used [0x0000000080800000,0x0000000080d61740,0x0000000085d80000)
 Metaspace       used 20508K, capacity 21217K, committed 21296K, reserved 1067008K
  class space    used 2680K, capacity 2865K, committed 2944K, reserved 1048576K
Event: 1.650 GC heap after
Heap after GC invocations=6 (full 1):
 PSYoungGen      total 71680K, used 0K [0x00000000d5800000, 0x00000000ded00000, 0x0000000100000000)
  eden space 66560K, 0% used [0x00000000d5800000,0x00000000d5800000,0x00000000d9900000)
  from space 5120K, 0% used [0x00000000d9900000,0x00000000d9900000,0x00000000d9e00000)
  to   space 9728K, 0% used [0x00000000de380000,0x00000000de380000,0x00000000ded00000)
 ParOldGen       total 58880K, used 9090K [0x0000000080800000, 0x0000000084180000, 0x00000000d5800000)
  object space 58880K, 15% used [0x0000000080800000,0x00000000810e09d0,0x0000000084180000)
 Metaspace       used 20508K, capacity 21217K, committed 21296K, reserved 1067008K
  class space    used 2680K, capacity 2865K, committed 2944K, reserved 1048576K
}
Event: 2.113 GC heap before
{Heap before GC invocations=7 (full 1):
 PSYoungGen      total 71680K, used 66560K [0x00000000d5800000, 0x00000000ded00000, 0x0000000100000000)
  eden space 66560K, 100% used [0x00000000d5800000,0x00000000d9900000,0x00000000d9900000)
  from space 5120K, 0% used [0x00000000d9900000,0x00000000d9900000,0x00000000d9e00000)
  to   space 9728K, 0% used [0x00000000de380000,0x00000000de380000,0x00000000ded00000)
 ParOldGen       total 58880K, used 9090K [0x0000000080800000, 0x0000000084180000, 0x00000000d5800000)
  object space 58880K, 15% used [0x0000000080800000,0x00000000810e09d0,0x0000000084180000)
 Metaspace       used 22085K, capacity 22909K, committed 23168K, reserved 1069056K
  class space    used 2875K, capacity 3081K, committed 3200K, reserved 1048576K
Event: 2.117 GC heap after
Heap after GC invocations=7 (full 1):
 PSYoungGen      total 109056K, used 3002K [0x00000000d5800000, 0x00000000de680000, 0x0000000100000000)
  eden space 105984K, 0% used [0x00000000d5800000,0x00000000d5800000,0x00000000dbf80000)
  from space 3072K, 97% used [0x00000000de380000,0x00000000de66e9b8,0x00000000de680000)
  to   space 9728K, 0% used [0x00000000dd380000,0x00000000dd380000,0x00000000ddd00000)
 ParOldGen       total 58880K, used 9098K [0x0000000080800000, 0x0000000084180000, 0x00000000d5800000)
  object space 58880K, 15% used [0x0000000080800000,0x00000000810e29d0,0x0000000084180000)
 Metaspace       used 22085K, capacity 22909K, committed 23168K, reserved 1069056K
  class space    used 2875K, capacity 3081K, committed 3200K, reserved 1048576K
}
Event: 3.798 GC heap before
{Heap before GC invocations=8 (full 1):
 PSYoungGen      total 109056K, used 108972K [0x00000000d5800000, 0x00000000de680000, 0x0000000100000000)
  eden space 105984K, 99% used [0x00000000d5800000,0x00000000dbf7c6b0,0x00000000dbf80000)
  from space 3072K, 97% used [0x00000000de380000,0x00000000de66e9b8,0x00000000de680000)
  to   space 9728K, 0% used [0x00000000dd380000,0x00000000dd380000,0x00000000ddd00000)
 ParOldGen       total 58880K, used 9098K [0x0000000080800000, 0x0000000084180000, 0x00000000d5800000)
  object space 58880K, 15% used [0x0000000080800000,0x00000000810e29d0,0x0000000084180000)
 Metaspace       used 29993K, capacity 31763K, committed 32000K, reserved 1077248K
  class space    used 3976K, capacity 4315K, committed 4352K, reserved 1048576K
Event: 3.811 GC heap after
Heap after GC invocations=8 (full 1):
 PSYoungGen      total 115712K, used 9725K [0x00000000d5800000, 0x00000000de680000, 0x0000000100000000)
  eden space 105984K, 0% used [0x00000000d5800000,0x00000000d5800000,0x00000000dbf80000)
  from space 9728K, 99% used [0x00000000dd380000,0x00000000ddcff700,0x00000000ddd00000)
  to   space 3072K, 0% used [0x00000000de380000,0x00000000de380000,0x00000000de680000)
 ParOldGen       total 58880K, used 11143K [0x0000000080800000, 0x0000000084180000, 0x00000000d5800000)
  object space 58880K, 18% used [0x0000000080800000,0x00000000812e1cf8,0x0000000084180000)
 Metaspace       used 29993K, capacity 31763K, committed 32000K, reserved 1077248K
  class space    used 3976K, capacity 4315K, committed 4352K, reserved 1048576K
}

Deoptimization events (10 events):
Event: 3.901 Thread 0x0000000019dfc000 Uncommon trap: reason=class_check action=maybe_recompile pc=0x000000000312aeb4 method=java.util.zip.InflaterInputStream.read([BII)I @ 100
Event: 4.177 Thread 0x0000000019dfc000 Uncommon trap: reason=unstable_if action=reinterpret pc=0x00000000035c53d0 method=org.springframework.boot.context.properties.source.ConfigurationPropertyName.dashIgnoringElementEquals(Lorg/springframework/boot/context/properties/source/ConfigurationPrope
Event: 4.208 Thread 0x0000000019dfc000 Uncommon trap: reason=unstable_if action=reinterpret pc=0x000000000301c368 method=org.springframework.boot.context.properties.source.ConfigurationPropertyName.equals(Ljava/lang/Object;)Z @ 8
Event: 4.208 Thread 0x0000000019dfc000 Uncommon trap: reason=unstable_if action=reinterpret pc=0x00000000030163bc method=java.util.HashMap.getNode(ILjava/lang/Object;)Ljava/util/HashMap$Node; @ 129
Event: 4.210 Thread 0x0000000019dfc000 Uncommon trap: reason=unstable_if action=reinterpret pc=0x0000000003602514 method=org.springframework.boot.context.properties.source.ConfigurationPropertyName.elementDiffers(Lorg/springframework/boot/context/properties/source/ConfigurationPropertyName$Ele
Event: 4.240 Thread 0x0000000019dfc000 Uncommon trap: reason=unstable_if action=reinterpret pc=0x0000000002f0d740 method=java.lang.AbstractStringBuilder.append(Ljava/lang/String;)Ljava/lang/AbstractStringBuilder; @ 1
Event: 4.309 Thread 0x000000001a8a0800 Uncommon trap: reason=unstable_if action=reinterpret pc=0x0000000002e7e090 method=java.util.zip.ZipCoder.getBytes(Ljava/lang/String;)[B @ 32
Event: 4.309 Thread 0x000000001a8a0800 Uncommon trap: reason=unstable_if action=reinterpret pc=0x0000000002e83478 method=java.util.zip.ZipCoder.getBytes(Ljava/lang/String;)[B @ 32
Event: 4.309 Thread 0x000000001a8a0800 Uncommon trap: reason=unstable_if action=reinterpret pc=0x0000000003065164 method=java.net.URL.<init>(Ljava/net/URL;Ljava/lang/String;Ljava/net/URLStreamHandler;)V @ 57
Event: 4.309 Thread 0x000000001a8a0800 Uncommon trap: reason=unstable_if action=reinterpret pc=0x00000000036abadc method=java.net.URLStreamHandler.parseURL(Ljava/net/URL;Ljava/lang/String;II)V @ 57

Classes redefined (0 events):
No events

Internal exceptions (10 events):
Event: 4.241 Thread 0x0000000019dfc000 Implicit null exception at 0x000000000324560d to 0x0000000003245b7c
Event: 4.241 Thread 0x0000000019dfc000 Exception <a 'java/lang/NullPointerException'> (0x00000000dab91860) thrown at [C:\re\workspace\8-2-build-windows-amd64-cygwin\jdk8u161\10277\hotspot\src\share\vm\runtime\sharedRuntime.cpp, line 605]
Event: 4.241 Thread 0x0000000019dfc000 Implicit null exception at 0x000000000324560d to 0x0000000003245b7c
Event: 4.241 Thread 0x0000000019dfc000 Exception <a 'java/lang/NullPointerException'> (0x00000000dab92510) thrown at [C:\re\workspace\8-2-build-windows-amd64-cygwin\jdk8u161\10277\hotspot\src\share\vm\runtime\sharedRuntime.cpp, line 605]
Event: 4.241 Thread 0x0000000019dfc000 Implicit null exception at 0x000000000324560d to 0x0000000003245b7c
Event: 4.241 Thread 0x0000000019dfc000 Exception <a 'java/lang/NullPointerException'> (0x00000000dab93178) thrown at [C:\re\workspace\8-2-build-windows-amd64-cygwin\jdk8u161\10277\hotspot\src\share\vm\runtime\sharedRuntime.cpp, line 605]
Event: 4.241 Thread 0x0000000019dfc000 Implicit null exception at 0x000000000324560d to 0x0000000003245b7c
Event: 4.241 Thread 0x0000000019dfc000 Exception <a 'java/lang/NullPointerException'> (0x00000000dab93dd0) thrown at [C:\re\workspace\8-2-build-windows-amd64-cygwin\jdk8u161\10277\hotspot\src\share\vm\runtime\sharedRuntime.cpp, line 605]
Event: 4.241 Thread 0x0000000019dfc000 Implicit null exception at 0x000000000324560d to 0x0000000003245b7c
Event: 4.241 Thread 0x0000000019dfc000 Exception <a 'java/lang/NullPointerException'> (0x00000000dab94a98) thrown at [C:\re\workspace\8-2-build-windows-amd64-cygwin\jdk8u161\10277\hotspot\src\share\vm\runtime\sharedRuntime.cpp, line 605]

Events (10 events):
Event: 4.325 loading class org/hibernate/NaturalIdLoadAccess done
Event: 4.325 loading class org/hibernate/IdentifierLoadAccess
Event: 4.325 loading class org/hibernate/IdentifierLoadAccess done
Event: 4.325 loading class javax/persistence/criteria/CriteriaDelete
Event: 4.325 loading class javax/persistence/criteria/CriteriaDelete done
Event: 4.326 loading class javax/persistence/criteria/CommonAbstractCriteria
Event: 4.326 loading class javax/persistence/criteria/CommonAbstractCriteria done
Event: 4.326 loading class javax/persistence/criteria/CriteriaUpdate
Event: 4.326 loading class javax/persistence/criteria/CriteriaUpdate done
Event: 4.326 loading class javax/persistence/criteria/CriteriaQuery


Dynamic libraries:
0x00007ff756440000 - 0x00007ff756477000 	C:\Program Files\Java\jre1.8.0_161\bin\javaw.exe
0x00007ff8f1860000 - 0x00007ff8f1a50000 	C:\WINDOWS\SYSTEM32\ntdll.dll
0x00007ff8b7bf0000 - 0x00007ff8b7c03000 	C:\Program Files\Avast Software\Avast\aswhook.dll
0x00007ff8f0070000 - 0x00007ff8f0122000 	C:\WINDOWS\System32\KERNEL32.DLL
0x00007ff8ef3b0000 - 0x00007ff8ef653000 	C:\WINDOWS\System32\KERNELBASE.dll
0x00007ff8f0240000 - 0x00007ff8f02e3000 	C:\WINDOWS\System32\ADVAPI32.dll
0x00007ff8f1120000 - 0x00007ff8f11be000 	C:\WINDOWS\System32\msvcrt.dll
0x00007ff8eff50000 - 0x00007ff8effe7000 	C:\WINDOWS\System32\sechost.dll
0x00007ff8f0520000 - 0x00007ff8f0640000 	C:\WINDOWS\System32\RPCRT4.dll
0x00007ff8f0640000 - 0x00007ff8f07d4000 	C:\WINDOWS\System32\USER32.dll
0x00007ff8ef110000 - 0x00007ff8ef131000 	C:\WINDOWS\System32\win32u.dll
0x00007ff8f1040000 - 0x00007ff8f1066000 	C:\WINDOWS\System32\GDI32.dll
0x00007ff8ef660000 - 0x00007ff8ef7f4000 	C:\WINDOWS\System32\gdi32full.dll
0x00007ff8ef310000 - 0x00007ff8ef3ae000 	C:\WINDOWS\System32\msvcp_win.dll
0x00007ff8ef190000 - 0x00007ff8ef28a000 	C:\WINDOWS\System32\ucrtbase.dll
0x00007ff8e5f00000 - 0x00007ff8e6185000 	C:\WINDOWS\WinSxS\amd64_microsoft.windows.common-controls_6595b64144ccf1df_6.0.18362.778_none_e6c6b761130d4fb8\COMCTL32.dll
0x00007ff8f1470000 - 0x00007ff8f17a6000 	C:\WINDOWS\System32\combase.dll
0x00007ff8ef290000 - 0x00007ff8ef310000 	C:\WINDOWS\System32\bcryptPrimitives.dll
0x00007ff8f1440000 - 0x00007ff8f146e000 	C:\WINDOWS\System32\IMM32.DLL
0x000000005da20000 - 0x000000005daf2000 	C:\Program Files\Java\jre1.8.0_161\bin\msvcr100.dll
0x000000005db00000 - 0x000000005e39f000 	C:\Program Files\Java\jre1.8.0_161\bin\server\jvm.dll
0x00007ff8f07e0000 - 0x00007ff8f07e8000 	C:\WINDOWS\System32\PSAPI.DLL
0x00007ff8dc950000 - 0x00007ff8dc959000 	C:\WINDOWS\SYSTEM32\WSOCK32.dll
0x00007ff8f17b0000 - 0x00007ff8f181f000 	C:\WINDOWS\System32\WS2_32.dll
0x00007ff8ec430000 - 0x00007ff8ec454000 	C:\WINDOWS\SYSTEM32\WINMM.dll
0x00007ff8ea2e0000 - 0x00007ff8ea2ea000 	C:\WINDOWS\SYSTEM32\VERSION.dll
0x00007ff8ec090000 - 0x00007ff8ec0bd000 	C:\WINDOWS\SYSTEM32\WINMMBASE.dll
0x00007ff8ef140000 - 0x00007ff8ef18a000 	C:\WINDOWS\System32\cfgmgr32.dll
0x000000005ea70000 - 0x000000005ea7f000 	C:\Program Files\Java\jre1.8.0_161\bin\verify.dll
0x000000005ea40000 - 0x000000005ea69000 	C:\Program Files\Java\jre1.8.0_161\bin\java.dll
0x000000005ea20000 - 0x000000005ea36000 	C:\Program Files\Java\jre1.8.0_161\bin\zip.dll
0x00007ff8f0950000 - 0x00007ff8f1035000 	C:\WINDOWS\System32\SHELL32.dll
0x00007ff8f1070000 - 0x00007ff8f1119000 	C:\WINDOWS\System32\shcore.dll
0x00007ff8ee990000 - 0x00007ff8ef110000 	C:\WINDOWS\System32\windows.storage.dll
0x00007ff8ee7c0000 - 0x00007ff8ee7e3000 	C:\WINDOWS\System32\profapi.dll
0x00007ff8ee730000 - 0x00007ff8ee77a000 	C:\WINDOWS\System32\powrprof.dll
0x00007ff8ee720000 - 0x00007ff8ee730000 	C:\WINDOWS\System32\UMPDC.dll
0x00007ff8f01e0000 - 0x00007ff8f0232000 	C:\WINDOWS\System32\shlwapi.dll
0x00007ff8ee7a0000 - 0x00007ff8ee7b1000 	C:\WINDOWS\System32\kernel.appcore.dll
0x00007ff8ee940000 - 0x00007ff8ee957000 	C:\WINDOWS\System32\cryptsp.dll
0x000000005e9d0000 - 0x000000005e9dd000 	C:\Program Files\Java\jre1.8.0_161\bin\management.dll
0x000000005ea00000 - 0x000000005ea1a000 	C:\Program Files\Java\jre1.8.0_161\bin\net.dll
0x00007ff8edf90000 - 0x00007ff8edff7000 	C:\WINDOWS\system32\mswsock.dll
0x00007ff8cf070000 - 0x00007ff8cf086000 	C:\WINDOWS\system32\napinsp.dll
0x00007ff8cf050000 - 0x00007ff8cf06a000 	C:\WINDOWS\system32\pnrpnsp.dll
0x00007ff8edd30000 - 0x00007ff8eddfa000 	C:\WINDOWS\SYSTEM32\DNSAPI.dll
0x00007ff8f0940000 - 0x00007ff8f0948000 	C:\WINDOWS\System32\NSI.dll
0x00007ff8edca0000 - 0x00007ff8edcda000 	C:\WINDOWS\SYSTEM32\IPHLPAPI.DLL
0x00007ff8cf040000 - 0x00007ff8cf04e000 	C:\WINDOWS\System32\winrnr.dll
0x00007ff8ead40000 - 0x00007ff8ead5c000 	C:\WINDOWS\system32\NLAapi.dll
0x00007ff8cd260000 - 0x00007ff8cd275000 	C:\WINDOWS\system32\wshbth.dll
0x00007ff8dd880000 - 0x00007ff8dd88a000 	C:\Windows\System32\rasadhlp.dll
0x00007ff8e7c10000 - 0x00007ff8e7c87000 	C:\WINDOWS\System32\fwpuclnt.dll
0x00007ff8ee960000 - 0x00007ff8ee986000 	C:\WINDOWS\System32\bcrypt.dll
0x000000005e9e0000 - 0x000000005e9f1000 	C:\Program Files\Java\jre1.8.0_161\bin\nio.dll
0x00007ff8edb00000 - 0x00007ff8edb33000 	C:\WINDOWS\system32\rsaenh.dll
0x00007ff8ee610000 - 0x00007ff8ee635000 	C:\WINDOWS\SYSTEM32\USERENV.dll
0x00007ff8ee160000 - 0x00007ff8ee16c000 	C:\WINDOWS\SYSTEM32\CRYPTBASE.dll
0x00007ff8e8050000 - 0x00007ff8e8066000 	C:\WINDOWS\SYSTEM32\dhcpcsvc6.DLL
0x00007ff8e8970000 - 0x00007ff8e898c000 	C:\WINDOWS\SYSTEM32\dhcpcsvc.DLL

VM Arguments:
jvm_args: -Dfile.encoding=UTF-8 
java_command: assignment6master.Assignment6MasterApplication
java_class_path (initial): C:\Users\MrSoap\Spring-Workspaces\workspace-1\assignment6-master\target\classes;C:\Users\MrSoap\.m2\repository\org\springframework\boot\spring-boot-starter-data-jpa\2.2.7.RELEASE\spring-boot-starter-data-jpa-2.2.7.RELEASE.jar;C:\Users\MrSoap\.m2\repository\org\springframework\boot\spring-boot-starter-aop\2.2.7.RELEASE\spring-boot-starter-aop-2.2.7.RELEASE.jar;C:\Users\MrSoap\.m2\repository\org\springframework\spring-aop\5.2.6.RELEASE\spring-aop-5.2.6.RELEASE.jar;C:\Users\MrSoap\.m2\repository\org\aspectj\aspectjweaver\1.9.5\aspectjweaver-1.9.5.jar;C:\Users\MrSoap\.m2\repository\org\springframework\boot\spring-boot-starter-jdbc\2.2.7.RELEASE\spring-boot-starter-jdbc-2.2.7.RELEASE.jar;C:\Users\MrSoap\.m2\repository\com\zaxxer\HikariCP\3.4.3\HikariCP-3.4.3.jar;C:\Users\MrSoap\.m2\repository\org\springframework\spring-jdbc\5.2.6.RELEASE\spring-jdbc-5.2.6.RELEASE.jar;C:\Users\MrSoap\.m2\repository\jakarta\persistence\jakarta.persistence-api\2.2.3\jakarta.persistence-api-2.2.3.jar;C:\Users\MrSoap\.m2\repository\jakarta\transaction\jakarta.transaction-api\1.3.3\jakarta.transaction-api-1.3.3.jar;C:\Users\MrSoap\.m2\repository\org\hibernate\hibernate-core\5.4.15.Final\hibernate-core-5.4.15.Final.jar;C:\Users\MrSoap\.m2\repository\org\jboss\logging\jboss-logging\3.4.1.Final\jboss-logging-3.4.1.Final.jar;C:\Users\MrSoap\.m2\repository\org\javassist\javassist\3.24.0-GA\javassist-3.24.0-GA.jar;C:\Users\MrSoap\.m2\repository\net\bytebuddy\byte-buddy\1.10.10\byte-buddy-1.10.10.jar;C:\Users\MrSoap\.m2\repository\antlr\antlr\2.7.7\antlr-2.7.7.jar;C:\Users\MrSoap\.m2\repository\org\jboss\jandex\2.1.3.Final\jandex-2.1.3.Final.jar;C:\Users\MrSoap\.m2\repository\com\fasterxml\classmate\1.5.1\classmate-1.5.1.jar;C:\Users\MrSoap\.m2\repository\org\dom4j\dom4j\2.1.3\dom4j-2.1.3.jar;C:\Users\MrSoap\.m2\repository\org\hibernate\common\hibernate-commons-annotations\5.1.0.Final\hibernate-commons-annotations-5.1.0.Final.jar;C:\Users\MrSoap\.m2\repository\org\glassfi
Launcher Type: SUN_STANDARD

Environment Variables:
USERNAME=MrSoap
OS=Windows_NT
PROCESSOR_IDENTIFIER=Intel64 Family 6 Model 94 Stepping 3, GenuineIntel



---------------  S Y S T E M  ---------------

OS: Windows 10.0 , 64 bit Build 18362 (10.0.18362.778)

CPU:total 4 (initial active 4) (4 cores per cpu, 1 threads per core) family 6 model 94 stepping 3, cmov, cx8, fxsr, mmx, sse, sse2, sse3, ssse3, sse4.1, sse4.2, popcnt, avx, avx2, aes, clmul, erms, 3dnowpref, lzcnt, tsc, tscinvbit, bmi1, bmi2, adx

Memory: 4k page, physical 8353668k(1614628k free), swap 33519492k(9344k free)

vm_info: Java HotSpot(TM) 64-Bit Server VM (25.161-b12) for windows-amd64 JRE (1.8.0_161-b12), built on Dec 19 2017 17:52:25 by "java_re" with MS VC++ 10.0 (VS2010)

time: Mon May 11 14:32:26 2020
elapsed time: 4 seconds (0d 0h 0m 4s)

