#
# There is insufficient memory for the Java Runtime Environment to continue.
# Native memory allocation (malloc) failed to allocate 1078656 bytes for Chunk::new
# Possible reasons:
#   The system is out of physical RAM or swap space
#   In 32 bit mode, the process size limit was hit
# Possible solutions:
#   Reduce memory load on the system
#   Increase physical memory or swap space
#   Check if swap backing store is full
#   Use 64 bit Java on a 64 bit OS
#   Decrease Java heap size (-Xmx/-Xms)
#   Decrease number of Java threads
#   Decrease Java thread stack sizes (-Xss)
#   Set larger code cache with -XX:ReservedCodeCacheSize=
# This output file may be truncated or incomplete.
#
#  Out of Memory Error (allocation.cpp:390), pid=14104, tid=0x0000000000001938
#
# JRE version: Java(TM) SE Runtime Environment (8.0_161-b12) (build 1.8.0_161-b12)
# Java VM: Java HotSpot(TM) 64-Bit Server VM (25.161-b12 mixed mode windows-amd64 compressed oops)
# Failed to write core dump. Minidumps are not enabled by default on client versions of Windows
#

---------------  T H R E A D  ---------------

Current thread (0x0000000016eea000):  JavaThread "C2 CompilerThread1" daemon [_thread_in_native, id=6456, stack(0x0000000018660000,0x0000000018760000)]

Stack: [0x0000000018660000,0x0000000018760000]
[error occurred during error reporting (printing stack bounds), id 0xc0000005]

Native frames: (J=compiled Java code, j=interpreted, Vv=VM code, C=native code)


Current CompileTask:
C2:  42148 5121   !   4       java.net.URLClassLoader$1::run (63 bytes)


---------------  P R O C E S S  ---------------

Java Threads: ( => current thread )
  0x000000001da0f800 JavaThread "DestroyJavaVM" [_thread_blocked, id=22484, stack(0x0000000002110000,0x0000000002210000)]
  0x000000001da16800 JavaThread "http-nio-8080-Acceptor" daemon [_thread_in_native, id=32024, stack(0x0000000021bf0000,0x0000000021cf0000)]
  0x000000001da0f000 JavaThread "http-nio-8080-ClientPoller" daemon [_thread_in_native, id=30876, stack(0x00000000218e0000,0x00000000219e0000)]
  0x000000001da15000 JavaThread "http-nio-8080-exec-10" daemon [_thread_blocked, id=25572, stack(0x00000000217e0000,0x00000000218e0000)]
  0x000000001da11000 JavaThread "http-nio-8080-exec-9" daemon [_thread_blocked, id=28008, stack(0x00000000216e0000,0x00000000217e0000)]
  0x000000001da15800 JavaThread "http-nio-8080-exec-8" daemon [_thread_blocked, id=31376, stack(0x00000000215e0000,0x00000000216e0000)]
  0x000000001da13800 JavaThread "http-nio-8080-exec-7" daemon [_thread_blocked, id=22192, stack(0x00000000214e0000,0x00000000215e0000)]
  0x000000001da0e000 JavaThread "http-nio-8080-exec-6" daemon [_thread_blocked, id=28768, stack(0x00000000213e0000,0x00000000214e0000)]
  0x000000001da10800 JavaThread "http-nio-8080-exec-5" daemon [_thread_blocked, id=32180, stack(0x00000000212e0000,0x00000000213e0000)]
  0x000000001da0d800 JavaThread "http-nio-8080-exec-4" daemon [_thread_blocked, id=25984, stack(0x00000000211e0000,0x00000000212e0000)]
  0x000000001da12000 JavaThread "http-nio-8080-exec-3" daemon [_thread_blocked, id=26664, stack(0x00000000210e0000,0x00000000211e0000)]
  0x000000001da14000 JavaThread "http-nio-8080-exec-2" daemon [_thread_blocked, id=29308, stack(0x0000000020fe0000,0x00000000210e0000)]
  0x000000001a4b8000 JavaThread "http-nio-8080-exec-1" daemon [_thread_blocked, id=21676, stack(0x0000000020ee0000,0x0000000020fe0000)]
  0x000000001a4b7000 JavaThread "http-nio-8080-BlockPoller" daemon [_thread_in_native, id=29212, stack(0x0000000020de0000,0x0000000020ee0000)]
  0x000000001a4bb000 JavaThread "File Watcher" daemon [_thread_blocked, id=23348, stack(0x000000001eff0000,0x000000001f0f0000)]
  0x000000001a4b4000 JavaThread "Live Reload Server" daemon [_thread_in_native, id=6300, stack(0x000000001f910000,0x000000001fa10000)]
  0x000000001a4b5000 JavaThread "HikariPool-1 housekeeper" daemon [_thread_blocked, id=8760, stack(0x000000001edf0000,0x000000001eef0000)]
  0x000000001a4ba000 JavaThread "mysql-cj-abandoned-connection-cleanup" daemon [_thread_blocked, id=8496, stack(0x000000001e6f0000,0x000000001e7f0000)]
  0x000000001a4b6800 JavaThread "container-0" [_thread_blocked, id=14484, stack(0x000000001e2b0000,0x000000001e3b0000)]
  0x000000001a4b5800 JavaThread "Catalina-utility-2" [_thread_blocked, id=9840, stack(0x000000001b7b0000,0x000000001b8b0000)]
  0x000000001a4b8800 JavaThread "Catalina-utility-1" [_thread_blocked, id=5852, stack(0x000000001a970000,0x000000001aa70000)]
  0x000000001888a800 JavaThread "Service Thread" daemon [_thread_blocked, id=31404, stack(0x0000000018c60000,0x0000000018d60000)]
  0x0000000016f3b000 JavaThread "C1 CompilerThread2" daemon [_thread_blocked, id=11056, stack(0x0000000018760000,0x0000000018860000)]
=>0x0000000016eea000 JavaThread "C2 CompilerThread1" daemon [_thread_in_native, id=6456, stack(0x0000000018660000,0x0000000018760000)]
  0x0000000016ee6000 JavaThread "C2 CompilerThread0" daemon [_thread_in_native, id=28120, stack(0x0000000018560000,0x0000000018660000)]
  0x0000000016ee4800 JavaThread "Attach Listener" daemon [_thread_blocked, id=26688, stack(0x0000000018460000,0x0000000018560000)]
  0x0000000016ee3800 JavaThread "Signal Dispatcher" daemon [_thread_blocked, id=31740, stack(0x0000000018360000,0x0000000018460000)]
  0x0000000016eca800 JavaThread "Finalizer" daemon [_thread_blocked, id=13084, stack(0x0000000018160000,0x0000000018260000)]
  0x0000000002304000 JavaThread "Reference Handler" daemon [_thread_blocked, id=5912, stack(0x0000000018060000,0x0000000018160000)]

Other Threads:
  0x0000000016ea8000 VMThread [stack: 0x0000000017f60000,0x0000000018060000] [id=26284]
  0x000000001888b800 WatcherThread [stack: 0x0000000018d60000,0x0000000018e60000] [id=28656]

VM state:not at safepoint (normal execution)

VM Mutex/Monitor currently owned by a thread: None

Heap:
 PSYoungGen      total 211968K, used 19065K [0x00000000d5800000, 0x00000000e3f00000, 0x0000000100000000)
  eden space 197632K, 9% used [0x00000000d5800000,0x00000000d6a9e718,0x00000000e1900000)
  from space 14336K, 0% used [0x00000000e3100000,0x00000000e3100000,0x00000000e3f00000)
  to   space 19456K, 0% used [0x00000000e1900000,0x00000000e1900000,0x00000000e2c00000)
 ParOldGen       total 123904K, used 22833K [0x0000000080800000, 0x0000000088100000, 0x00000000d5800000)
  object space 123904K, 18% used [0x0000000080800000,0x0000000081e4c788,0x0000000088100000)
 Metaspace       used 57994K, capacity 60994K, committed 61208K, reserved 1101824K
  class space    used 7929K, capacity 8434K, committed 8488K, reserved 1048576K

Card table byte_map: [0x00000000116d0000,0x0000000011ad0000] byte_map_base: 0x00000000112cc000

Marking Bits: (ParMarkBitMap*) 0x000000005e31f860
 Begin Bits: [0x0000000012180000, 0x0000000014160000)
 End Bits:   [0x0000000014160000, 0x0000000016140000)

Polling page: 0x0000000000880000

CodeCache: size=245760Kb used=14778Kb max_used=15650Kb free=230981Kb
 bounds [0x0000000002310000, 0x0000000003330000, 0x0000000011310000]
 total_blobs=4994 nmethods=4432 adapters=474
 compilation: enabled

Compilation events (10 events):
Event: 42.049 Thread 0x0000000016f3b000 5180       1       java.nio.Buffer::remaining (10 bytes)
Event: 42.049 Thread 0x0000000016f3b000 nmethod 5180 0x00000000025d5510 code [0x00000000025d5660, 0x00000000025d5770]
Event: 42.050 Thread 0x0000000016f3b000 5171       3       org.springframework.util.MimeTypeUtils$$Lambda$746/1314874694::apply (8 bytes)
Event: 42.050 Thread 0x0000000016f3b000 nmethod 5171 0x000000000263d8d0 code [0x000000000263da40, 0x000000000263dca8]
Event: 42.050 Thread 0x0000000016f3b000 5177       3       java.util.concurrent.ConcurrentLinkedDeque::first (62 bytes)
Event: 42.050 Thread 0x0000000016f3b000 nmethod 5177 0x00000000026f5f10 code [0x00000000026f60a0, 0x00000000026f6490]
Event: 42.051 Thread 0x0000000016f3b000 5178       1       com.fasterxml.jackson.databind.cfg.BaseSettings::getClassIntrospector (5 bytes)
Event: 42.051 Thread 0x0000000016f3b000 nmethod 5178 0x0000000002875c10 code [0x0000000002875d60, 0x0000000002875e70]
Event: 42.051 Thread 0x0000000016f3b000 5179       1       com.fasterxml.jackson.databind.AnnotationIntrospector::findNameForSerialization (2 bytes)
Event: 42.051 Thread 0x0000000016f3b000 nmethod 5179 0x0000000002a41450 code [0x0000000002a415a0, 0x0000000002a416b0]

GC Heap History (10 events):
Event: 5.103 GC heap before
{Heap before GC invocations=9 (full 1):
 PSYoungGen      total 136192K, used 115447K [0x00000000d5800000, 0x00000000e0e00000, 0x0000000100000000)
  eden space 125952K, 83% used [0x00000000d5800000,0x00000000dbebf370,0x00000000dd300000)
  from space 10240K, 99% used [0x00000000dd300000,0x00000000ddcfe928,0x00000000ddd00000)
  to   space 12800K, 0% used [0x00000000e0180000,0x00000000e0180000,0x00000000e0e00000)
 ParOldGen       total 59392K, used 10698K [0x0000000080800000, 0x0000000084200000, 0x00000000d5800000)
  object space 59392K, 18% used [0x0000000080800000,0x0000000081272820,0x0000000084200000)
 Metaspace       used 33611K, capacity 35454K, committed 35496K, reserved 1079296K
  class space    used 4429K, capacity 4762K, committed 4776K, reserved 1048576K
Event: 5.111 GC heap after
Heap after GC invocations=9 (full 1):
 PSYoungGen      total 173056K, used 9638K [0x00000000d5800000, 0x00000000e2b00000, 0x0000000100000000)
  eden space 160256K, 0% used [0x00000000d5800000,0x00000000d5800000,0x00000000df480000)
  from space 12800K, 75% used [0x00000000e0180000,0x00000000e0ae9838,0x00000000e0e00000)
  to   space 13312K, 0% used [0x00000000df480000,0x00000000df480000,0x00000000e0180000)
 ParOldGen       total 59392K, used 10706K [0x0000000080800000, 0x0000000084200000, 0x00000000d5800000)
  object space 59392K, 18% used [0x0000000080800000,0x0000000081274820,0x0000000084200000)
 Metaspace       used 33611K, capacity 35454K, committed 35496K, reserved 1079296K
  class space    used 4429K, capacity 4762K, committed 4776K, reserved 1048576K
}
Event: 5.111 GC heap before
{Heap before GC invocations=10 (full 2):
 PSYoungGen      total 173056K, used 9638K [0x00000000d5800000, 0x00000000e2b00000, 0x0000000100000000)
  eden space 160256K, 0% used [0x00000000d5800000,0x00000000d5800000,0x00000000df480000)
  from space 12800K, 75% used [0x00000000e0180000,0x00000000e0ae9838,0x00000000e0e00000)
  to   space 13312K, 0% used [0x00000000df480000,0x00000000df480000,0x00000000e0180000)
 ParOldGen       total 59392K, used 10706K [0x0000000080800000, 0x0000000084200000, 0x00000000d5800000)
  object space 59392K, 18% used [0x0000000080800000,0x0000000081274820,0x0000000084200000)
 Metaspace       used 33611K, capacity 35454K, committed 35496K, reserved 1079296K
  class space    used 4429K, capacity 4762K, committed 4776K, reserved 1048576K
Event: 5.163 GC heap after
Heap after GC invocations=10 (full 2):
 PSYoungGen      total 173056K, used 0K [0x00000000d5800000, 0x00000000e2b00000, 0x0000000100000000)
  eden space 160256K, 0% used [0x00000000d5800000,0x00000000d5800000,0x00000000df480000)
  from space 12800K, 0% used [0x00000000e0180000,0x00000000e0180000,0x00000000e0e00000)
  to   space 13312K, 0% used [0x00000000df480000,0x00000000df480000,0x00000000e0180000)
 ParOldGen       total 87552K, used 13646K [0x0000000080800000, 0x0000000085d80000, 0x00000000d5800000)
  object space 87552K, 15% used [0x0000000080800000,0x0000000081553870,0x0000000085d80000)
 Metaspace       used 33611K, capacity 35454K, committed 35496K, reserved 1079296K
  class space    used 4429K, capacity 4762K, committed 4776K, reserved 1048576K
}
Event: 8.507 GC heap before
{Heap before GC invocations=11 (full 2):
 PSYoungGen      total 173056K, used 160256K [0x00000000d5800000, 0x00000000e2b00000, 0x0000000100000000)
  eden space 160256K, 100% used [0x00000000d5800000,0x00000000df480000,0x00000000df480000)
  from space 12800K, 0% used [0x00000000e0180000,0x00000000e0180000,0x00000000e0e00000)
  to   space 13312K, 0% used [0x00000000df480000,0x00000000df480000,0x00000000e0180000)
 ParOldGen       total 87552K, used 13646K [0x0000000080800000, 0x0000000085d80000, 0x00000000d5800000)
  object space 87552K, 15% used [0x0000000080800000,0x0000000081553870,0x0000000085d80000)
 Metaspace       used 51170K, capacity 53752K, committed 53800K, reserved 1095680K
  class space    used 7035K, capacity 7461K, committed 7464K, reserved 1048576K
Event: 8.535 GC heap after
Heap after GC invocations=11 (full 2):
 PSYoungGen      total 173568K, used 13292K [0x00000000d5800000, 0x00000000e4300000, 0x0000000100000000)
  eden space 160256K, 0% used [0x00000000d5800000,0x00000000d5800000,0x00000000df480000)
  from space 13312K, 99% used [0x00000000df480000,0x00000000e017b340,0x00000000e0180000)
  to   space 18432K, 0% used [0x00000000e3100000,0x00000000e3100000,0x00000000e4300000)
 ParOldGen       total 87552K, used 20891K [0x0000000080800000, 0x0000000085d80000, 0x00000000d5800000)
  object space 87552K, 23% used [0x0000000080800000,0x0000000081c66ea8,0x0000000085d80000)
 Metaspace       used 51170K, capacity 53752K, committed 53800K, reserved 1095680K
  class space    used 7035K, capacity 7461K, committed 7464K, reserved 1048576K
}
Event: 23.844 GC heap before
{Heap before GC invocations=12 (full 2):
 PSYoungGen      total 173568K, used 71766K [0x00000000d5800000, 0x00000000e4300000, 0x0000000100000000)
  eden space 160256K, 36% used [0x00000000d5800000,0x00000000d911a638,0x00000000df480000)
  from space 13312K, 99% used [0x00000000df480000,0x00000000e017b340,0x00000000e0180000)
  to   space 18432K, 0% used [0x00000000e3100000,0x00000000e3100000,0x00000000e4300000)
 ParOldGen       total 87552K, used 20891K [0x0000000080800000, 0x0000000085d80000, 0x00000000d5800000)
  object space 87552K, 23% used [0x0000000080800000,0x0000000081c66ea8,0x0000000085d80000)
 Metaspace       used 56178K, capacity 59096K, committed 59160K, reserved 1099776K
  class space    used 7711K, capacity 8195K, committed 8232K, reserved 1048576K
Event: 23.858 GC heap after
Heap after GC invocations=12 (full 2):
 PSYoungGen      total 211968K, used 13632K [0x00000000d5800000, 0x00000000e3f00000, 0x0000000100000000)
  eden space 197632K, 0% used [0x00000000d5800000,0x00000000d5800000,0x00000000e1900000)
  from space 14336K, 95% used [0x00000000e3100000,0x00000000e3e50380,0x00000000e3f00000)
  to   space 19456K, 0% used [0x00000000e1900000,0x00000000e1900000,0x00000000e2c00000)
 ParOldGen       total 87552K, used 20899K [0x0000000080800000, 0x0000000085d80000, 0x00000000d5800000)
  object space 87552K, 23% used [0x0000000080800000,0x0000000081c68ea8,0x0000000085d80000)
 Metaspace       used 56178K, capacity 59096K, committed 59160K, reserved 1099776K
  class space    used 7711K, capacity 8195K, committed 8232K, reserved 1048576K
}
Event: 23.859 GC heap before
{Heap before GC invocations=13 (full 3):
 PSYoungGen      total 211968K, used 13632K [0x00000000d5800000, 0x00000000e3f00000, 0x0000000100000000)
  eden space 197632K, 0% used [0x00000000d5800000,0x00000000d5800000,0x00000000e1900000)
  from space 14336K, 95% used [0x00000000e3100000,0x00000000e3e50380,0x00000000e3f00000)
  to   space 19456K, 0% used [0x00000000e1900000,0x00000000e1900000,0x00000000e2c00000)
 ParOldGen       total 87552K, used 20899K [0x0000000080800000, 0x0000000085d80000, 0x00000000d5800000)
  object space 87552K, 23% used [0x0000000080800000,0x0000000081c68ea8,0x0000000085d80000)
 Metaspace       used 56178K, capacity 59096K, committed 59160K, reserved 1099776K
  class space    used 7711K, capacity 8195K, committed 8232K, reserved 1048576K
Event: 24.005 GC heap after
Heap after GC invocations=13 (full 3):
 PSYoungGen      total 211968K, used 0K [0x00000000d5800000, 0x00000000e3f00000, 0x0000000100000000)
  eden space 197632K, 0% used [0x00000000d5800000,0x00000000d5800000,0x00000000e1900000)
  from space 14336K, 0% used [0x00000000e3100000,0x00000000e3100000,0x00000000e3f00000)
  to   space 19456K, 0% used [0x00000000e1900000,0x00000000e1900000,0x00000000e2c00000)
 ParOldGen       total 123904K, used 22833K [0x0000000080800000, 0x0000000088100000, 0x00000000d5800000)
  object space 123904K, 18% used [0x0000000080800000,0x0000000081e4c788,0x0000000088100000)
 Metaspace       used 56178K, capacity 59096K, committed 59160K, reserved 1099776K
  class space    used 7711K, capacity 8195K, committed 8232K, reserved 1048576K
}

Deoptimization events (10 events):
Event: 23.792 Thread 0x000000001da14000 Uncommon trap: reason=unstable_if action=reinterpret pc=0x0000000002632b3c method=java.lang.CharacterDataLatin1.isWhitespace(I)Z @ 14
Event: 24.005 Thread 0x0000000002304000 Uncommon trap: reason=unstable_if action=reinterpret pc=0x0000000002949c74 method=java.lang.ref.Reference.tryHandlePending(Z)Z @ 20
Event: 25.026 Thread 0x000000001a4b5800 Uncommon trap: reason=bimorphic action=maybe_recompile pc=0x00000000030f9670 method=java.util.TreeMap.put(Ljava/lang/Object;Ljava/lang/Object;)Ljava/lang/Object; @ 68
Event: 41.751 Thread 0x000000001da12000 Uncommon trap: reason=bimorphic action=maybe_recompile pc=0x0000000002f65dfc method=java.util.Hashtable.put(Ljava/lang/Object;Ljava/lang/Object;)Ljava/lang/Object; @ 18
Event: 41.752 Thread 0x000000001da12000 Uncommon trap: reason=bimorphic action=maybe_recompile pc=0x0000000002f65dfc method=java.util.Hashtable.put(Ljava/lang/Object;Ljava/lang/Object;)Ljava/lang/Object; @ 18
Event: 41.752 Thread 0x000000001da12000 Uncommon trap: reason=bimorphic action=maybe_recompile pc=0x0000000002f65dfc method=java.util.Hashtable.put(Ljava/lang/Object;Ljava/lang/Object;)Ljava/lang/Object; @ 18
Event: 41.752 Thread 0x000000001da12000 Uncommon trap: reason=bimorphic action=maybe_recompile pc=0x0000000002f65dfc method=java.util.Hashtable.put(Ljava/lang/Object;Ljava/lang/Object;)Ljava/lang/Object; @ 18
Event: 41.761 Thread 0x000000001da12000 Uncommon trap: reason=unstable_if action=reinterpret pc=0x0000000002447400 method=java.lang.CharacterData.of(I)Ljava/lang/CharacterData; @ 4
Event: 41.770 Thread 0x000000001da12000 Uncommon trap: reason=unstable_if action=reinterpret pc=0x00000000024d2a68 method=java.util.regex.Pattern$BmpCharProperty.match(Ljava/util/regex/Matcher;ILjava/lang/CharSequence;)Z @ 34
Event: 42.046 Thread 0x000000001da12000 Uncommon trap: reason=unstable_if action=reinterpret pc=0x0000000002b79e30 method=java.util.IdentityHashMap.maskNull(Ljava/lang/Object;)Ljava/lang/Object; @ 1

Classes redefined (0 events):
No events

Internal exceptions (10 events):
Event: 8.380 Thread 0x00000000193f4000 Exception <a 'java/lang/ClassNotFoundException': org/springframework/beans/factory/AwareCustomizer> (0x00000000def15898) thrown at [C:\re\workspace\8-2-build-windows-amd64-cygwin\jdk8u161\10277\hotspot\src\share\vm\classfile\systemDictionary.cpp, line 210
Event: 8.380 Thread 0x00000000193f4000 Exception <a 'java/lang/ClassNotFoundException': org/springframework/web/context/ServletContextAwareCustomizer> (0x00000000def2a998) thrown at [C:\re\workspace\8-2-build-windows-amd64-cygwin\jdk8u161\10277\hotspot\src\share\vm\classfile\systemDictionary.c
Event: 8.381 Thread 0x00000000193f4000 Exception <a 'java/lang/ClassNotFoundException': org/springframework/beans/factory/AwareCustomizer> (0x00000000def3dd60) thrown at [C:\re\workspace\8-2-build-windows-amd64-cygwin\jdk8u161\10277\hotspot\src\share\vm\classfile\systemDictionary.cpp, line 210
Event: 8.806 Thread 0x00000000193f4000 Exception <a 'java/lang/IncompatibleClassChangeError': Found class java.lang.Object, but interface was expected> (0x00000000d6756ce0) thrown at [C:\re\workspace\8-2-build-windows-amd64-cygwin\jdk8u161\10277\hotspot\src\share\vm\interpreter\linkResolver.cp
Event: 23.741 Thread 0x000000001da14000 Exception <a 'java/lang/ClassNotFoundException': java/lang/ObjectCustomizer> (0x00000000d8bd5d28) thrown at [C:\re\workspace\8-2-build-windows-amd64-cygwin\jdk8u161\10277\hotspot\src\share\vm\classfile\systemDictionary.cpp, line 210]
Event: 23.743 Thread 0x000000001da14000 Exception <a 'java/lang/ClassNotFoundException': assignment6master/models/AccountHolderCustomizer> (0x00000000d8bf1818) thrown at [C:\re\workspace\8-2-build-windows-amd64-cygwin\jdk8u161\10277\hotspot\src\share\vm\classfile\systemDictionary.cpp, line 210]
Event: 41.585 Thread 0x000000001da12000 Exception <a 'java/lang/ClassNotFoundException': java/lang/ObjectCustomizer> (0x00000000d6016250) thrown at [C:\re\workspace\8-2-build-windows-amd64-cygwin\jdk8u161\10277\hotspot\src\share\vm\classfile\systemDictionary.cpp, line 210]
Event: 41.588 Thread 0x000000001da12000 Exception <a 'java/lang/ClassNotFoundException': assignment6master/models/CDOfferingCustomizer> (0x00000000d6031330) thrown at [C:\re\workspace\8-2-build-windows-amd64-cygwin\jdk8u161\10277\hotspot\src\share\vm\classfile\systemDictionary.cpp, line 210]
Event: 41.965 Thread 0x000000001da12000 Exception <a 'java/lang/NoSuchMethodError': java.lang.Object.lambda$mapIfAllPresent$6(Ljava/util/Optional;Ljava/util/function/BiFunction;Ljava/lang/Object;)Ljava/util/Optional;> (0x00000000d68dfa10) thrown at [C:\re\workspace\8-2-build-windows-amd64-cygwi
Event: 41.966 Thread 0x000000001da12000 Exception <a 'java/lang/NoSuchMethodError': java.lang.Object.lambda$null$5(Ljava/util/function/BiFunction;Ljava/lang/Object;Ljava/lang/Object;)Ljava/lang/Object;> (0x00000000d68e4148) thrown at [C:\re\workspace\8-2-build-windows-amd64-cygwin\jdk8u161\1027

Events (10 events):
Event: 42.050 Thread 0x0000000016f3b000 flushing nmethod 0x0000000002821b90
Event: 42.050 Thread 0x0000000016f3b000 flushing nmethod 0x00000000028280d0
Event: 42.050 Thread 0x0000000016f3b000 flushing nmethod 0x0000000002875c10
Event: 42.051 Thread 0x0000000016f3b000 flushing nmethod 0x0000000002a38c10
Event: 42.051 Thread 0x0000000016f3b000 flushing nmethod 0x0000000002a41350
Event: 42.051 Thread 0x0000000016f3b000 flushing nmethod 0x0000000002a5df10
Event: 42.051 Thread 0x0000000016f3b000 flushing nmethod 0x0000000002acf090
Event: 42.051 Thread 0x0000000016f3b000 flushing nmethod 0x0000000002b1b950
Event: 42.051 Thread 0x0000000016f3b000 flushing nmethod 0x0000000002b1dbd0
Event: 42.051 Thread 0x0000000016f3b000 flushing nmethod 0x0000000002b22a10


Dynamic libraries:
0x00007ff756440000 - 0x00007ff756477000 	C:\Program Files\Java\jre1.8.0_161\bin\javaw.exe
0x00007ff8f1860000 - 0x00007ff8f1a50000 	C:\WINDOWS\SYSTEM32\ntdll.dll
0x00007ff8b7bf0000 - 0x00007ff8b7c03000 	C:\Program Files\Avast Software\Avast\aswhook.dll
0x00007ff8f0070000 - 0x00007ff8f0122000 	C:\WINDOWS\System32\KERNEL32.DLL
0x00007ff8ef3b0000 - 0x00007ff8ef653000 	C:\WINDOWS\System32\KERNELBASE.dll
0x00007ff8f0240000 - 0x00007ff8f02e3000 	C:\WINDOWS\System32\ADVAPI32.dll
0x00007ff8f1120000 - 0x00007ff8f11be000 	C:\WINDOWS\System32\msvcrt.dll
0x00007ff8eff50000 - 0x00007ff8effe7000 	C:\WINDOWS\System32\sechost.dll
0x00007ff8f0520000 - 0x00007ff8f0640000 	C:\WINDOWS\System32\RPCRT4.dll
0x00007ff8f0640000 - 0x00007ff8f07d4000 	C:\WINDOWS\System32\USER32.dll
0x00007ff8ef110000 - 0x00007ff8ef131000 	C:\WINDOWS\System32\win32u.dll
0x00007ff8f1040000 - 0x00007ff8f1066000 	C:\WINDOWS\System32\GDI32.dll
0x00007ff8ef660000 - 0x00007ff8ef7f4000 	C:\WINDOWS\System32\gdi32full.dll
0x00007ff8ef310000 - 0x00007ff8ef3ae000 	C:\WINDOWS\System32\msvcp_win.dll
0x00007ff8ef190000 - 0x00007ff8ef28a000 	C:\WINDOWS\System32\ucrtbase.dll
0x00007ff8e5f00000 - 0x00007ff8e6185000 	C:\WINDOWS\WinSxS\amd64_microsoft.windows.common-controls_6595b64144ccf1df_6.0.18362.778_none_e6c6b761130d4fb8\COMCTL32.dll
0x00007ff8f1470000 - 0x00007ff8f17a6000 	C:\WINDOWS\System32\combase.dll
0x00007ff8ef290000 - 0x00007ff8ef310000 	C:\WINDOWS\System32\bcryptPrimitives.dll
0x00007ff8f1440000 - 0x00007ff8f146e000 	C:\WINDOWS\System32\IMM32.DLL
0x000000005da20000 - 0x000000005daf2000 	C:\Program Files\Java\jre1.8.0_161\bin\msvcr100.dll
0x000000005db00000 - 0x000000005e39f000 	C:\Program Files\Java\jre1.8.0_161\bin\server\jvm.dll
0x00007ff8f07e0000 - 0x00007ff8f07e8000 	C:\WINDOWS\System32\PSAPI.DLL
0x00007ff8dc950000 - 0x00007ff8dc959000 	C:\WINDOWS\SYSTEM32\WSOCK32.dll
0x00007ff8f17b0000 - 0x00007ff8f181f000 	C:\WINDOWS\System32\WS2_32.dll
0x00007ff8ec430000 - 0x00007ff8ec454000 	C:\WINDOWS\SYSTEM32\WINMM.dll
0x00007ff8ea2e0000 - 0x00007ff8ea2ea000 	C:\WINDOWS\SYSTEM32\VERSION.dll
0x00007ff8ec090000 - 0x00007ff8ec0bd000 	C:\WINDOWS\SYSTEM32\WINMMBASE.dll
0x00007ff8ef140000 - 0x00007ff8ef18a000 	C:\WINDOWS\System32\cfgmgr32.dll
0x000000005ea70000 - 0x000000005ea7f000 	C:\Program Files\Java\jre1.8.0_161\bin\verify.dll
0x000000005ea40000 - 0x000000005ea69000 	C:\Program Files\Java\jre1.8.0_161\bin\java.dll
0x000000005ea20000 - 0x000000005ea36000 	C:\Program Files\Java\jre1.8.0_161\bin\zip.dll
0x00007ff8f0950000 - 0x00007ff8f1035000 	C:\WINDOWS\System32\SHELL32.dll
0x00007ff8f1070000 - 0x00007ff8f1119000 	C:\WINDOWS\System32\shcore.dll
0x00007ff8ee990000 - 0x00007ff8ef110000 	C:\WINDOWS\System32\windows.storage.dll
0x00007ff8ee7c0000 - 0x00007ff8ee7e3000 	C:\WINDOWS\System32\profapi.dll
0x00007ff8ee730000 - 0x00007ff8ee77a000 	C:\WINDOWS\System32\powrprof.dll
0x00007ff8ee720000 - 0x00007ff8ee730000 	C:\WINDOWS\System32\UMPDC.dll
0x00007ff8f01e0000 - 0x00007ff8f0232000 	C:\WINDOWS\System32\shlwapi.dll
0x00007ff8ee7a0000 - 0x00007ff8ee7b1000 	C:\WINDOWS\System32\kernel.appcore.dll
0x00007ff8ee940000 - 0x00007ff8ee957000 	C:\WINDOWS\System32\cryptsp.dll
0x000000005e9d0000 - 0x000000005e9dd000 	C:\Program Files\Java\jre1.8.0_161\bin\management.dll
0x000000005ea00000 - 0x000000005ea1a000 	C:\Program Files\Java\jre1.8.0_161\bin\net.dll
0x00007ff8edf90000 - 0x00007ff8edff7000 	C:\WINDOWS\system32\mswsock.dll
0x00007ff8cf070000 - 0x00007ff8cf086000 	C:\WINDOWS\system32\napinsp.dll
0x00007ff8cf050000 - 0x00007ff8cf06a000 	C:\WINDOWS\system32\pnrpnsp.dll
0x00007ff8edd30000 - 0x00007ff8eddfa000 	C:\WINDOWS\SYSTEM32\DNSAPI.dll
0x00007ff8f0940000 - 0x00007ff8f0948000 	C:\WINDOWS\System32\NSI.dll
0x00007ff8edca0000 - 0x00007ff8edcda000 	C:\WINDOWS\SYSTEM32\IPHLPAPI.DLL
0x00007ff8cf040000 - 0x00007ff8cf04e000 	C:\WINDOWS\System32\winrnr.dll
0x00007ff8ead40000 - 0x00007ff8ead5c000 	C:\WINDOWS\system32\NLAapi.dll
0x00007ff8cd260000 - 0x00007ff8cd275000 	C:\WINDOWS\system32\wshbth.dll
0x00007ff8dd880000 - 0x00007ff8dd88a000 	C:\Windows\System32\rasadhlp.dll
0x00007ff8e7c10000 - 0x00007ff8e7c87000 	C:\WINDOWS\System32\fwpuclnt.dll
0x00007ff8ee960000 - 0x00007ff8ee986000 	C:\WINDOWS\System32\bcrypt.dll
0x000000005e9e0000 - 0x000000005e9f1000 	C:\Program Files\Java\jre1.8.0_161\bin\nio.dll
0x00007ff8edb00000 - 0x00007ff8edb33000 	C:\WINDOWS\system32\rsaenh.dll
0x00007ff8ee610000 - 0x00007ff8ee635000 	C:\WINDOWS\SYSTEM32\USERENV.dll
0x00007ff8ee160000 - 0x00007ff8ee16c000 	C:\WINDOWS\SYSTEM32\CRYPTBASE.dll
0x00007ff8e8050000 - 0x00007ff8e8066000 	C:\WINDOWS\SYSTEM32\dhcpcsvc6.DLL
0x00007ff8e8970000 - 0x00007ff8e898c000 	C:\WINDOWS\SYSTEM32\dhcpcsvc.DLL

VM Arguments:
jvm_args: -Dfile.encoding=UTF-8 
java_command: assignment6master.Assignment6MasterApplication
java_class_path (initial): C:\Users\MrSoap\Spring-Workspaces\workspace-1\assignment6-master\target\classes;C:\Users\MrSoap\.m2\repository\org\springframework\boot\spring-boot-starter-data-jpa\2.2.7.RELEASE\spring-boot-starter-data-jpa-2.2.7.RELEASE.jar;C:\Users\MrSoap\.m2\repository\org\springframework\boot\spring-boot-starter-aop\2.2.7.RELEASE\spring-boot-starter-aop-2.2.7.RELEASE.jar;C:\Users\MrSoap\.m2\repository\org\springframework\spring-aop\5.2.6.RELEASE\spring-aop-5.2.6.RELEASE.jar;C:\Users\MrSoap\.m2\repository\org\aspectj\aspectjweaver\1.9.5\aspectjweaver-1.9.5.jar;C:\Users\MrSoap\.m2\repository\org\springframework\boot\spring-boot-starter-jdbc\2.2.7.RELEASE\spring-boot-starter-jdbc-2.2.7.RELEASE.jar;C:\Users\MrSoap\.m2\repository\com\zaxxer\HikariCP\3.4.3\HikariCP-3.4.3.jar;C:\Users\MrSoap\.m2\repository\org\springframework\spring-jdbc\5.2.6.RELEASE\spring-jdbc-5.2.6.RELEASE.jar;C:\Users\MrSoap\.m2\repository\jakarta\persistence\jakarta.persistence-api\2.2.3\jakarta.persistence-api-2.2.3.jar;C:\Users\MrSoap\.m2\repository\jakarta\transaction\jakarta.transaction-api\1.3.3\jakarta.transaction-api-1.3.3.jar;C:\Users\MrSoap\.m2\repository\org\hibernate\hibernate-core\5.4.15.Final\hibernate-core-5.4.15.Final.jar;C:\Users\MrSoap\.m2\repository\org\jboss\logging\jboss-logging\3.4.1.Final\jboss-logging-3.4.1.Final.jar;C:\Users\MrSoap\.m2\repository\org\javassist\javassist\3.24.0-GA\javassist-3.24.0-GA.jar;C:\Users\MrSoap\.m2\repository\net\bytebuddy\byte-buddy\1.10.10\byte-buddy-1.10.10.jar;C:\Users\MrSoap\.m2\repository\antlr\antlr\2.7.7\antlr-2.7.7.jar;C:\Users\MrSoap\.m2\repository\org\jboss\jandex\2.1.3.Final\jandex-2.1.3.Final.jar;C:\Users\MrSoap\.m2\repository\com\fasterxml\classmate\1.5.1\classmate-1.5.1.jar;C:\Users\MrSoap\.m2\repository\org\dom4j\dom4j\2.1.3\dom4j-2.1.3.jar;C:\Users\MrSoap\.m2\repository\org\hibernate\common\hibernate-commons-annotations\5.1.0.Final\hibernate-commons-annotations-5.1.0.Final.jar;C:\Users\MrSoap\.m2\repository\org\glassfi
Launcher Type: SUN_STANDARD

Environment Variables:
USERNAME=MrSoap
OS=Windows_NT
PROCESSOR_IDENTIFIER=Intel64 Family 6 Model 94 Stepping 3, GenuineIntel



---------------  S Y S T E M  ---------------

OS: Windows 10.0 , 64 bit Build 18362 (10.0.18362.778)

CPU:total 4 (initial active 4) (4 cores per cpu, 1 threads per core) family 6 model 94 stepping 3, cmov, cx8, fxsr, mmx, sse, sse2, sse3, ssse3, sse4.1, sse4.2, popcnt, avx, avx2, aes, clmul, erms, 3dnowpref, lzcnt, tsc, tscinvbit, bmi1, bmi2, adx

Memory: 4k page, physical 8353668k(1602072k free), swap 33519492k(21884k free)

vm_info: Java HotSpot(TM) 64-Bit Server VM (25.161-b12) for windows-amd64 JRE (1.8.0_161-b12), built on Dec 19 2017 17:52:25 by "java_re" with MS VC++ 10.0 (VS2010)

time: Mon May 11 14:12:40 2020
elapsed time: 42 seconds (0d 0h 0m 42s)

